  [1m[35m (444.4ms)[0m  [1m[35mCREATE DATABASE "Prueba6_development" ENCODING = 'unicode'[0m
  [1m[35m (383.3ms)[0m  [1m[35mCREATE DATABASE "Prueba6_test" ENCODING = 'unicode'[0m
  [1m[35m (12.8ms)[0m  [1m[35mCREATE TABLE "schema_migrations" ("version" character varying NOT NULL PRIMARY KEY)[0m
  [1m[35m (9.1ms)[0m  [1m[35mCREATE TABLE "ar_internal_metadata" ("key" character varying NOT NULL PRIMARY KEY, "value" character varying, "created_at" timestamp(6) NOT NULL, "updated_at" timestamp(6) NOT NULL)[0m
  [1m[35m (0.9ms)[0m  [1m[34mSELECT pg_try_advisory_lock(1195628996130642780)[0m
  [1m[36mActiveRecord::SchemaMigration Pluck (0.5ms)[0m  [1m[34mSELECT "schema_migrations"."version" FROM "schema_migrations" ORDER BY "schema_migrations"."version" ASC[0m
  [1m[36mActiveRecord::InternalMetadata Load (0.5ms)[0m  [1m[34mSELECT "ar_internal_metadata".* FROM "ar_internal_metadata" WHERE "ar_internal_metadata"."key" = $1 LIMIT $2[0m  [["key", "environment"], ["LIMIT", 1]]
  [1m[36mTRANSACTION (0.5ms)[0m  [1m[35mBEGIN[0m
  [1m[36mActiveRecord::InternalMetadata Create (1.9ms)[0m  [1m[32mINSERT INTO "ar_internal_metadata" ("key", "value", "created_at", "updated_at") VALUES ($1, $2, $3, $4) RETURNING "key"[0m  [["key", "environment"], ["value", "development"], ["created_at", "2023-08-12 18:49:11.526919"], ["updated_at", "2023-08-12 18:49:11.526919"]]
  [1m[36mTRANSACTION (1.3ms)[0m  [1m[35mCOMMIT[0m
  [1m[35m (0.4ms)[0m  [1m[34mSELECT pg_advisory_unlock(1195628996130642780)[0m
  [1m[36mActiveRecord::SchemaMigration Pluck (0.6ms)[0m  [1m[34mSELECT "schema_migrations"."version" FROM "schema_migrations" ORDER BY "schema_migrations"."version" ASC[0m
Started GET "/" for 127.0.0.1 at 2023-08-12 16:04:25 -0400
  [1m[36mActiveRecord::SchemaMigration Pluck (0.8ms)[0m  [1m[34mSELECT "schema_migrations"."version" FROM "schema_migrations" ORDER BY "schema_migrations"."version" ASC[0m
  [1m[36mCACHE ActiveRecord::SchemaMigration Pluck (0.0ms)[0m  [1m[34mSELECT "schema_migrations"."version" FROM "schema_migrations" ORDER BY "schema_migrations"."version" ASC[0m
  
ActiveRecord::PendingMigrationError (

Migrations are pending. To resolve this issue, run:

        bin/rails db:migrate RAILS_ENV=development

You have 2 pending migrations:

20230812185125_create_usuarios.rb
20230812185318_create_trabajos.rb


):
  
activerecord (7.0.7) lib/active_record/migration.rb:627:in `check_pending!'
activerecord (7.0.7) lib/active_record/migration.rb:592:in `block (2 levels) in call'
activesupport (7.0.7) lib/active_support/file_update_checker.rb:83:in `execute'
activerecord (7.0.7) lib/active_record/migration.rb:597:in `block in call'
activerecord (7.0.7) lib/active_record/migration.rb:589:in `synchronize'
activerecord (7.0.7) lib/active_record/migration.rb:589:in `call'
actionpack (7.0.7) lib/action_dispatch/middleware/callbacks.rb:27:in `block in call'
activesupport (7.0.7) lib/active_support/callbacks.rb:99:in `run_callbacks'
actionpack (7.0.7) lib/action_dispatch/middleware/callbacks.rb:26:in `call'
actionpack (7.0.7) lib/action_dispatch/middleware/executor.rb:14:in `call'
actionpack (7.0.7) lib/action_dispatch/middleware/actionable_exceptions.rb:17:in `call'
actionpack (7.0.7) lib/action_dispatch/middleware/debug_exceptions.rb:28:in `call'
web-console (4.2.0) lib/web_console/middleware.rb:132:in `call_app'
web-console (4.2.0) lib/web_console/middleware.rb:28:in `block in call'
web-console (4.2.0) lib/web_console/middleware.rb:17:in `catch'
web-console (4.2.0) lib/web_console/middleware.rb:17:in `call'
actionpack (7.0.7) lib/action_dispatch/middleware/show_exceptions.rb:29:in `call'
railties (7.0.7) lib/rails/rack/logger.rb:40:in `call_app'
railties (7.0.7) lib/rails/rack/logger.rb:25:in `block in call'
activesupport (7.0.7) lib/active_support/tagged_logging.rb:99:in `block in tagged'
activesupport (7.0.7) lib/active_support/tagged_logging.rb:37:in `tagged'
activesupport (7.0.7) lib/active_support/tagged_logging.rb:99:in `tagged'
railties (7.0.7) lib/rails/rack/logger.rb:25:in `call'
sprockets-rails (3.4.2) lib/sprockets/rails/quiet_assets.rb:13:in `call'
actionpack (7.0.7) lib/action_dispatch/middleware/remote_ip.rb:93:in `call'
actionpack (7.0.7) lib/action_dispatch/middleware/request_id.rb:26:in `call'
rack (2.2.8) lib/rack/method_override.rb:24:in `call'
rack (2.2.8) lib/rack/runtime.rb:22:in `call'
activesupport (7.0.7) lib/active_support/cache/strategy/local_cache_middleware.rb:29:in `call'
actionpack (7.0.7) lib/action_dispatch/middleware/server_timing.rb:61:in `block in call'
actionpack (7.0.7) lib/action_dispatch/middleware/server_timing.rb:26:in `collect_events'
actionpack (7.0.7) lib/action_dispatch/middleware/server_timing.rb:60:in `call'
actionpack (7.0.7) lib/action_dispatch/middleware/executor.rb:14:in `call'
actionpack (7.0.7) lib/action_dispatch/middleware/static.rb:23:in `call'
rack (2.2.8) lib/rack/sendfile.rb:110:in `call'
actionpack (7.0.7) lib/action_dispatch/middleware/host_authorization.rb:137:in `call'
railties (7.0.7) lib/rails/engine.rb:530:in `call'
puma (5.6.6) lib/puma/configuration.rb:252:in `call'
puma (5.6.6) lib/puma/request.rb:77:in `block in handle_request'
puma (5.6.6) lib/puma/thread_pool.rb:340:in `with_force_shutdown'
puma (5.6.6) lib/puma/request.rb:76:in `handle_request'
puma (5.6.6) lib/puma/server.rb:443:in `process_client'
puma (5.6.6) lib/puma/thread_pool.rb:147:in `block in spawn_thread'
Started POST "/rails/actions" for 127.0.0.1 at 2023-08-12 16:04:31 -0400
  [1m[35m (0.1ms)[0m  [1m[34mSELECT pg_try_advisory_lock(1195628996130642780)[0m
  [1m[36mActiveRecord::SchemaMigration Pluck (8.1ms)[0m  [1m[34mSELECT "schema_migrations"."version" FROM "schema_migrations" ORDER BY "schema_migrations"."version" ASC[0m
Migrating to CreateUsuarios (20230812185125)
  [1m[36mTRANSACTION (0.7ms)[0m  [1m[35mBEGIN[0m
  [1m[35m (28.0ms)[0m  [1m[35mCREATE TABLE "usuarios" ("id" bigserial primary key, "nombre" character varying, "edad" character varying, "direccion" character varying, "telefono" character varying, "created_at" timestamp(6) NOT NULL, "updated_at" timestamp(6) NOT NULL)[0m
  [1m[36mActiveRecord::SchemaMigration Create (1.6ms)[0m  [1m[32mINSERT INTO "schema_migrations" ("version") VALUES ($1) RETURNING "version"[0m  [["version", "20230812185125"]]
  [1m[36mTRANSACTION (2.1ms)[0m  [1m[35mCOMMIT[0m
Migrating to CreateTrabajos (20230812185318)
  [1m[36mTRANSACTION (0.8ms)[0m  [1m[35mBEGIN[0m
  [1m[35m (15.8ms)[0m  [1m[35mCREATE TABLE "trabajos" ("id" bigserial primary key, "puesto" character varying, "descripción" character varying, "created_at" timestamp(6) NOT NULL, "updated_at" timestamp(6) NOT NULL)[0m
  [1m[36mActiveRecord::SchemaMigration Create (1.0ms)[0m  [1m[32mINSERT INTO "schema_migrations" ("version") VALUES ($1) RETURNING "version"[0m  [["version", "20230812185318"]]
  [1m[36mTRANSACTION (2.5ms)[0m  [1m[35mCOMMIT[0m
  [1m[36mActiveRecord::InternalMetadata Load (1.1ms)[0m  [1m[34mSELECT "ar_internal_metadata".* FROM "ar_internal_metadata" WHERE "ar_internal_metadata"."key" = $1 LIMIT $2[0m  [["key", "environment"], ["LIMIT", 1]]
  [1m[35m (2.5ms)[0m  [1m[34mSELECT pg_advisory_unlock(1195628996130642780)[0m
  [1m[36mActiveRecord::SchemaMigration Pluck (0.3ms)[0m  [1m[34mSELECT "schema_migrations"."version" FROM "schema_migrations" ORDER BY "schema_migrations"."version" ASC[0m
Started GET "/" for 127.0.0.1 at 2023-08-12 16:04:31 -0400
  [1m[36mActiveRecord::SchemaMigration Pluck (0.3ms)[0m  [1m[34mSELECT "schema_migrations"."version" FROM "schema_migrations" ORDER BY "schema_migrations"."version" ASC[0m
Processing by Rails::WelcomeController#index as HTML
  Rendering /home/inforcap/.rbenv/versions/3.1.1/lib/ruby/gems/3.1.0/gems/railties-7.0.7/lib/rails/templates/rails/welcome/index.html.erb
  Rendered /home/inforcap/.rbenv/versions/3.1.1/lib/ruby/gems/3.1.0/gems/railties-7.0.7/lib/rails/templates/rails/welcome/index.html.erb (Duration: 2.2ms | Allocations: 306)
Completed 200 OK in 37ms (Views: 5.5ms | ActiveRecord: 0.0ms | Allocations: 2882)


Started GET "/" for 127.0.0.1 at 2023-08-12 16:15:45 -0400
  [1m[36mActiveRecord::SchemaMigration Pluck (0.6ms)[0m  [1m[34mSELECT "schema_migrations"."version" FROM "schema_migrations" ORDER BY "schema_migrations"."version" ASC[0m
  
ActionController::RoutingError (uninitialized constant UsuarioController

      Object.const_get(camel_cased_word)
            ^^^^^^^^^^
Did you mean?  UsuariosController

            raise MissingController.new(error.message, error.name)
            ^^^^^):
  
Started GET "/" for 127.0.0.1 at 2023-08-12 16:16:31 -0400
Processing by UsuariosController#index as HTML
  Rendering layout layouts/application.html.erb
  Rendering usuarios/index.html.erb within layouts/application
  [1m[36mUsuario Load (0.6ms)[0m  [1m[34mSELECT "usuarios".* FROM "usuarios"[0m
  ↳ app/views/usuarios/index.html.erb:6
  Rendered usuarios/index.html.erb within layouts/application (Duration: 6.6ms | Allocations: 1298)
  Rendered layout layouts/application.html.erb (Duration: 5913.5ms | Allocations: 150495)
Completed 200 OK in 5966ms (Views: 5919.8ms | ActiveRecord: 0.6ms | Allocations: 153627)


Started GET "/" for 127.0.0.1 at 2023-08-12 16:17:00 -0400
  
ArgumentError ('Trabajos' is not a supported controller name. This can lead to potential routing problems. See https://guides.rubyonrails.org/routing.html#specifying-a-controller-to-use):
  
config/routes.rb:7:in `block in <main>'
config/routes.rb:1:in `<main>'
Started GET "/" for 127.0.0.1 at 2023-08-12 16:17:15 -0400
Processing by TrabajosController#index as HTML
  Rendering layout layouts/application.html.erb
  Rendering trabajos/index.html.erb within layouts/application
  [1m[36mTrabajo Load (1.3ms)[0m  [1m[34mSELECT "trabajos".* FROM "trabajos"[0m
  ↳ app/views/trabajos/index.html.erb:6
  Rendered trabajos/index.html.erb within layouts/application (Duration: 10.4ms | Allocations: 1281)
  Rendered layout layouts/application.html.erb (Duration: 108.3ms | Allocations: 25357)
Completed 200 OK in 136ms (Views: 113.1ms | ActiveRecord: 1.3ms | Allocations: 26924)


Started GET "/" for 127.0.0.1 at 2023-08-12 16:21:56 -0400
Processing by TrabajosController#index as HTML
  Rendering layout layouts/application.html.erb
  Rendering trabajos/index.html.erb within layouts/application
  [1m[36mTrabajo Load (0.5ms)[0m  [1m[34mSELECT "trabajos".* FROM "trabajos"[0m
  ↳ app/views/trabajos/index.html.erb:6
  Rendered trabajos/index.html.erb within layouts/application (Duration: 8.0ms | Allocations: 1181)
  Rendered shared/_navbar.html (Duration: 1.5ms | Allocations: 95)
  Rendered layout layouts/application.html.erb (Duration: 34.9ms | Allocations: 4148)
Completed 200 OK in 57ms (Views: 41.6ms | ActiveRecord: 0.5ms | Allocations: 5125)


Started GET "/" for 127.0.0.1 at 2023-08-12 16:22:37 -0400
Processing by TrabajosController#index as HTML
  Rendering layout layouts/application.html.erb
  Rendering trabajos/index.html.erb within layouts/application
  [1m[36mTrabajo Load (0.4ms)[0m  [1m[34mSELECT "trabajos".* FROM "trabajos"[0m
  ↳ app/views/trabajos/index.html.erb:6
  Rendered trabajos/index.html.erb within layouts/application (Duration: 9.0ms | Allocations: 1196)
  Rendered shared/_navbar.html (Duration: 1.2ms | Allocations: 89)
  Rendered layout layouts/application.html.erb (Duration: 38.8ms | Allocations: 4151)
Completed 200 OK in 52ms (Views: 44.8ms | ActiveRecord: 0.4ms | Allocations: 5111)


Started GET "/" for 127.0.0.1 at 2023-08-12 16:23:56 -0400
Processing by TrabajosController#index as HTML
  Rendering layout layouts/application.html.erb
  Rendering trabajos/index.html.erb within layouts/application
  [1m[36mTrabajo Load (1.1ms)[0m  [1m[34mSELECT "trabajos".* FROM "trabajos"[0m
  ↳ app/views/trabajos/index.html.erb:6
  Rendered trabajos/index.html.erb within layouts/application (Duration: 6.1ms | Allocations: 1198)
  Rendered shared/_navbar.html (Duration: 3.9ms | Allocations: 90)
  Rendered shared/_footer.html (Duration: 1.7ms | Allocations: 86)
  Rendered layout layouts/application.html.erb (Duration: 35.1ms | Allocations: 4375)
Completed 200 OK in 47ms (Views: 37.6ms | ActiveRecord: 1.1ms | Allocations: 5346)


Started GET "/" for 127.0.0.1 at 2023-08-12 16:24:32 -0400
Processing by TrabajosController#index as HTML
  Rendering layout layouts/application.html.erb
  Rendering trabajos/index.html.erb within layouts/application
  [1m[36mTrabajo Load (0.2ms)[0m  [1m[34mSELECT "trabajos".* FROM "trabajos"[0m
  ↳ app/views/trabajos/index.html.erb:6
  Rendered trabajos/index.html.erb within layouts/application (Duration: 7.9ms | Allocations: 1213)
  Rendered shared/_navbar.html (Duration: 4.2ms | Allocations: 89)
  Rendered shared/_footer.html (Duration: 9.7ms | Allocations: 86)
  Rendered layout layouts/application.html.erb (Duration: 43.4ms | Allocations: 4382)
Completed 200 OK in 52ms (Views: 47.5ms | ActiveRecord: 0.2ms | Allocations: 5342)


Started GET "/" for 127.0.0.1 at 2023-08-12 16:25:24 -0400
Processing by TrabajosController#index as HTML
  Rendering layout layouts/application.html.erb
  Rendering trabajos/index.html.erb within layouts/application
  [1m[36mTrabajo Load (0.6ms)[0m  [1m[34mSELECT "trabajos".* FROM "trabajos"[0m
  ↳ app/views/trabajos/index.html.erb:6
  Rendered trabajos/index.html.erb within layouts/application (Duration: 16.6ms | Allocations: 1189)
  Rendered shared/_navbar.html (Duration: 1.4ms | Allocations: 89)
  Rendered shared/_footer.html (Duration: 12.6ms | Allocations: 85)
  Rendered layout layouts/application.html.erb (Duration: 59.1ms | Allocations: 4367)
Completed 200 OK in 71ms (Views: 62.5ms | ActiveRecord: 0.6ms | Allocations: 5338)


Started GET "/" for 127.0.0.1 at 2023-08-12 16:26:10 -0400
Processing by TrabajosController#index as HTML
  Rendering layout layouts/application.html.erb
  Rendering trabajos/index.html.erb within layouts/application
  [1m[36mTrabajo Load (0.2ms)[0m  [1m[34mSELECT "trabajos".* FROM "trabajos"[0m
  ↳ app/views/trabajos/index.html.erb:6
  Rendered trabajos/index.html.erb within layouts/application (Duration: 6.0ms | Allocations: 1214)
  Rendered shared/_navbar.html (Duration: 1.0ms | Allocations: 89)
  Rendered shared/_footer.html (Duration: 2.0ms | Allocations: 85)
  Rendered layout layouts/application.html.erb (Duration: 44.5ms | Allocations: 4388)
Completed 200 OK in 58ms (Views: 51.6ms | ActiveRecord: 0.2ms | Allocations: 5348)


Started GET "/" for 127.0.0.1 at 2023-08-12 16:27:12 -0400
Processing by TrabajosController#index as HTML
  Rendering layout layouts/application.html.erb
  Rendering trabajos/index.html.erb within layouts/application
  [1m[36mTrabajo Load (0.3ms)[0m  [1m[34mSELECT "trabajos".* FROM "trabajos"[0m
  ↳ app/views/trabajos/index.html.erb:6
  Rendered trabajos/index.html.erb within layouts/application (Duration: 5.7ms | Allocations: 1187)
  Rendered shared/_navbar.html (Duration: 2.2ms | Allocations: 89)
  Rendered shared/_footer.html (Duration: 2.3ms | Allocations: 85)
  Rendered layout layouts/application.html.erb (Duration: 62.0ms | Allocations: 7811)
Completed 200 OK in 70ms (Views: 66.0ms | ActiveRecord: 0.3ms | Allocations: 8771)


Started GET "/" for 127.0.0.1 at 2023-08-12 16:28:20 -0400
Processing by TrabajosController#index as HTML
  Rendering layout layouts/application.html.erb
  Rendering trabajos/index.html.erb within layouts/application
  [1m[36mTrabajo Load (0.4ms)[0m  [1m[34mSELECT "trabajos".* FROM "trabajos"[0m
  ↳ app/views/trabajos/index.html.erb:6
  Rendered trabajos/index.html.erb within layouts/application (Duration: 4.7ms | Allocations: 761)
  Rendered shared/_navbar.html (Duration: 0.1ms | Allocations: 13)
  Rendered shared/_footer.html (Duration: 0.0ms | Allocations: 12)
  Rendered layout layouts/application.html.erb (Duration: 3453.5ms | Allocations: 37519)
Completed 200 OK in 3467ms (Views: 3455.2ms | ActiveRecord: 0.4ms | Allocations: 37813)


Started GET "/" for 127.0.0.1 at 2023-08-12 16:28:57 -0400
Processing by TrabajosController#index as HTML
  Rendering layout layouts/application.html.erb
  Rendering trabajos/index.html.erb within layouts/application
  [1m[36mTrabajo Load (0.4ms)[0m  [1m[34mSELECT "trabajos".* FROM "trabajos"[0m
  ↳ app/views/trabajos/index.html.erb:6
  Rendered trabajos/index.html.erb within layouts/application (Duration: 8.3ms | Allocations: 1211)
  Rendered shared/_navbar.html (Duration: 2.6ms | Allocations: 90)
  Rendered shared/_footer.html (Duration: 1.3ms | Allocations: 85)
  Rendered layout layouts/application.html.erb (Duration: 48.0ms | Allocations: 7836)
Completed 200 OK in 61ms (Views: 52.9ms | ActiveRecord: 0.4ms | Allocations: 8777)


Started GET "/" for 127.0.0.1 at 2023-08-12 16:29:23 -0400
Processing by TrabajosController#index as HTML
  Rendering layout layouts/application.html.erb
  Rendering trabajos/index.html.erb within layouts/application
  [1m[36mTrabajo Load (0.4ms)[0m  [1m[34mSELECT "trabajos".* FROM "trabajos"[0m
  ↳ app/views/trabajos/index.html.erb:6
  Rendered trabajos/index.html.erb within layouts/application (Duration: 8.0ms | Allocations: 1197)
  Rendered shared/_navbar.html (Duration: 8.0ms | Allocations: 89)
  Rendered shared/_footer.html (Duration: 1.6ms | Allocations: 86)
  Rendered layout layouts/application.html.erb (Duration: 54.9ms | Allocations: 7893)
Completed 200 OK in 69ms (Views: 61.4ms | ActiveRecord: 0.4ms | Allocations: 8853)


Started GET "/" for 127.0.0.1 at 2023-08-12 16:30:08 -0400
Processing by TrabajosController#index as HTML
  Rendering layout layouts/application.html.erb
  Rendering trabajos/index.html.erb within layouts/application
  [1m[36mTrabajo Load (0.3ms)[0m  [1m[34mSELECT "trabajos".* FROM "trabajos"[0m
  ↳ app/views/trabajos/index.html.erb:6
  Rendered trabajos/index.html.erb within layouts/application (Duration: 5.5ms | Allocations: 761)
  Rendered shared/_navbar.html (Duration: 0.0ms | Allocations: 13)
  Rendered shared/_footer.html (Duration: 0.0ms | Allocations: 12)
  Rendered layout layouts/application.html.erb (Duration: 3423.6ms | Allocations: 37529)
Completed 200 OK in 3430ms (Views: 3425.5ms | ActiveRecord: 0.3ms | Allocations: 37823)


Started GET "/" for 127.0.0.1 at 2023-08-12 16:31:02 -0400
Processing by TrabajosController#index as HTML
  Rendering layout layouts/application.html.erb
  Rendering trabajos/index.html.erb within layouts/application
  [1m[36mTrabajo Load (1.1ms)[0m  [1m[34mSELECT "trabajos".* FROM "trabajos"[0m
  ↳ app/views/trabajos/index.html.erb:6
  Rendered trabajos/index.html.erb within layouts/application (Duration: 7.3ms | Allocations: 746)
  Rendered shared/_navbar.html (Duration: 0.1ms | Allocations: 13)
  Rendered shared/_footer.html (Duration: 0.1ms | Allocations: 12)
  Rendered layout layouts/application.html.erb (Duration: 3213.6ms | Allocations: 37517)
Completed 200 OK in 3220ms (Views: 3214.9ms | ActiveRecord: 1.1ms | Allocations: 37789)


Started GET "/trabajos/new" for 127.0.0.1 at 2023-08-12 16:31:07 -0400
Processing by TrabajosController#new as HTML
  Rendering layout layouts/application.html.erb
  Rendering trabajos/new.html.erb within layouts/application
  Rendered trabajos/_form.html.erb (Duration: 19.3ms | Allocations: 2483)
  Rendered trabajos/new.html.erb within layouts/application (Duration: 25.4ms | Allocations: 2817)
  Rendered shared/_navbar.html (Duration: 0.0ms | Allocations: 15)
  Rendered shared/_footer.html (Duration: 0.0ms | Allocations: 13)
  Rendered layout layouts/application.html.erb (Duration: 46.9ms | Allocations: 8918)
Completed 200 OK in 81ms (Views: 48.4ms | ActiveRecord: 4.6ms | Allocations: 15551)


Started POST "/trabajos" for 127.0.0.1 at 2023-08-12 16:31:10 -0400
Processing by TrabajosController#create as TURBO_STREAM
  Parameters: {"authenticity_token"=>"[FILTERED]", "trabajo"=>{"puesto"=>"", "descripción"=>""}, "commit"=>"Create Trabajo"}
  [1m[36mTRANSACTION (0.1ms)[0m  [1m[35mBEGIN[0m
  ↳ app/controllers/trabajos_controller.rb:27:in `block in create'
  [1m[36mTrabajo Create (4.2ms)[0m  [1m[32mINSERT INTO "trabajos" ("puesto", "descripción", "created_at", "updated_at") VALUES ($1, $2, $3, $4) RETURNING "id"[0m  [["puesto", ""], ["descripción", ""], ["created_at", "2023-08-12 20:31:10.277360"], ["updated_at", "2023-08-12 20:31:10.277360"]]
  ↳ app/controllers/trabajos_controller.rb:27:in `block in create'
  [1m[36mTRANSACTION (2.8ms)[0m  [1m[35mCOMMIT[0m
  ↳ app/controllers/trabajos_controller.rb:27:in `block in create'
Redirected to http://localhost:3000/trabajos/1
Completed 302 Found in 24ms (ActiveRecord: 7.1ms | Allocations: 3860)


Started GET "/trabajos/1" for 127.0.0.1 at 2023-08-12 16:31:10 -0400
Processing by TrabajosController#show as TURBO_STREAM
  Parameters: {"id"=>"1"}
  [1m[36mTrabajo Load (0.4ms)[0m  [1m[34mSELECT "trabajos".* FROM "trabajos" WHERE "trabajos"."id" = $1 LIMIT $2[0m  [["id", 1], ["LIMIT", 1]]
  ↳ app/controllers/trabajos_controller.rb:63:in `set_trabajo'
  Rendering layout layouts/application.html.erb
  Rendering trabajos/show.html.erb within layouts/application
  Rendered trabajos/_trabajo.html.erb (Duration: 1.7ms | Allocations: 230)
  Rendered trabajos/show.html.erb within layouts/application (Duration: 14.7ms | Allocations: 1583)
  Rendered shared/_navbar.html (Duration: 0.1ms | Allocations: 13)
  Rendered shared/_footer.html (Duration: 0.1ms | Allocations: 13)
  Rendered layout layouts/application.html.erb (Duration: 34.3ms | Allocations: 7664)
Completed 200 OK in 50ms (Views: 37.0ms | ActiveRecord: 0.5ms | Allocations: 10519)


Started DELETE "/trabajos/1" for 127.0.0.1 at 2023-08-12 16:31:11 -0400
Processing by TrabajosController#destroy as TURBO_STREAM
  Parameters: {"authenticity_token"=>"[FILTERED]", "id"=>"1"}
  [1m[36mTrabajo Load (0.2ms)[0m  [1m[34mSELECT "trabajos".* FROM "trabajos" WHERE "trabajos"."id" = $1 LIMIT $2[0m  [["id", 1], ["LIMIT", 1]]
  ↳ app/controllers/trabajos_controller.rb:63:in `set_trabajo'
  [1m[36mTRANSACTION (0.1ms)[0m  [1m[35mBEGIN[0m
  ↳ app/controllers/trabajos_controller.rb:52:in `destroy'
  [1m[36mTrabajo Destroy (10.7ms)[0m  [1m[31mDELETE FROM "trabajos" WHERE "trabajos"."id" = $1[0m  [["id", 1]]
  ↳ app/controllers/trabajos_controller.rb:52:in `destroy'
  [1m[36mTRANSACTION (1.4ms)[0m  [1m[35mCOMMIT[0m
  ↳ app/controllers/trabajos_controller.rb:52:in `destroy'
Redirected to http://localhost:3000/trabajos
Completed 302 Found in 32ms (ActiveRecord: 12.4ms | Allocations: 2653)


Started GET "/trabajos" for 127.0.0.1 at 2023-08-12 16:31:11 -0400
Processing by TrabajosController#index as TURBO_STREAM
  Rendering layout layouts/application.html.erb
  Rendering trabajos/index.html.erb within layouts/application
  [1m[36mTrabajo Load (0.4ms)[0m  [1m[34mSELECT "trabajos".* FROM "trabajos"[0m
  ↳ app/views/trabajos/index.html.erb:6
  Rendered trabajos/index.html.erb within layouts/application (Duration: 3.5ms | Allocations: 801)
  Rendered shared/_navbar.html (Duration: 0.1ms | Allocations: 13)
  Rendered shared/_footer.html (Duration: 0.0ms | Allocations: 12)
  Rendered layout layouts/application.html.erb (Duration: 26.0ms | Allocations: 6734)
Completed 200 OK in 30ms (Views: 26.9ms | ActiveRecord: 0.4ms | Allocations: 7036)


Started GET "/trabajos/new" for 127.0.0.1 at 2023-08-12 16:31:14 -0400
Processing by TrabajosController#new as HTML
  Rendering layout layouts/application.html.erb
  Rendering trabajos/new.html.erb within layouts/application
  Rendered trabajos/_form.html.erb (Duration: 1.3ms | Allocations: 1042)
  Rendered trabajos/new.html.erb within layouts/application (Duration: 2.8ms | Allocations: 1129)
  Rendered shared/_navbar.html (Duration: 0.0ms | Allocations: 12)
  Rendered shared/_footer.html (Duration: 0.0ms | Allocations: 12)
  Rendered layout layouts/application.html.erb (Duration: 21.0ms | Allocations: 7057)
Completed 200 OK in 26ms (Views: 22.4ms | ActiveRecord: 0.0ms | Allocations: 7336)


Started GET "/trabajos/new" for 127.0.0.1 at 2023-08-12 16:34:34 -0400
Processing by TrabajosController#new as HTML
  Rendering layout layouts/application.html.erb
  Rendering trabajos/new.html.erb within layouts/application
  Rendered trabajos/_form.html.erb (Duration: 4.2ms | Allocations: 1515)
  Rendered trabajos/new.html.erb within layouts/application (Duration: 8.8ms | Allocations: 1838)
  Rendered shared/_navbar.html (Duration: 1.0ms | Allocations: 87)
  Rendered shared/_footer.html (Duration: 2.9ms | Allocations: 85)
  Rendered layout layouts/application.html.erb (Duration: 45.9ms | Allocations: 8444)
Completed 200 OK in 58ms (Views: 51.0ms | ActiveRecord: 0.0ms | Allocations: 9366)


Started GET "/" for 127.0.0.1 at 2023-08-12 16:34:46 -0400
Processing by TrabajosController#index as HTML
  Rendering layout layouts/application.html.erb
  Rendering trabajos/index.html.erb within layouts/application
  [1m[36mTrabajo Load (0.3ms)[0m  [1m[34mSELECT "trabajos".* FROM "trabajos"[0m
  ↳ app/views/trabajos/index.html.erb:6
  Rendered trabajos/index.html.erb within layouts/application (Duration: 5.8ms | Allocations: 1021)
  Rendered shared/_navbar.html (Duration: 0.0ms | Allocations: 13)
  Rendered shared/_footer.html (Duration: 0.0ms | Allocations: 12)
  Rendered layout layouts/application.html.erb (Duration: 24.5ms | Allocations: 6950)
Completed 200 OK in 40ms (Views: 25.5ms | ActiveRecord: 0.3ms | Allocations: 7322)


Started GET "/" for 127.0.0.1 at 2023-08-12 16:34:53 -0400
Processing by TrabajosController#index as HTML
  Rendering layout layouts/application.html.erb
  Rendering trabajos/index.html.erb within layouts/application
  [1m[36mTrabajo Load (1.2ms)[0m  [1m[34mSELECT "trabajos".* FROM "trabajos"[0m
  ↳ app/views/trabajos/index.html.erb:6
  Rendered trabajos/index.html.erb within layouts/application (Duration: 9.2ms | Allocations: 764)
  Rendered shared/_navbar.html (Duration: 0.0ms | Allocations: 13)
  Rendered shared/_footer.html (Duration: 0.1ms | Allocations: 12)
  Rendered layout layouts/application.html.erb (Duration: 38.2ms | Allocations: 6693)
Completed 200 OK in 45ms (Views: 40.2ms | ActiveRecord: 1.2ms | Allocations: 6966)


Started GET "/" for 127.0.0.1 at 2023-08-12 16:36:19 -0400
Processing by TrabajosController#index as HTML
  Rendering layout layouts/application.html.erb
  Rendering trabajos/index.html.erb within layouts/application
  [1m[36mTrabajo Load (0.4ms)[0m  [1m[34mSELECT "trabajos".* FROM "trabajos"[0m
  ↳ app/views/trabajos/index.html.erb:6
  Rendered trabajos/index.html.erb within layouts/application (Duration: 8.2ms | Allocations: 1199)
  Rendered shared/_navbar.html (Duration: 2.6ms | Allocations: 90)
  Rendered shared/_footer.html (Duration: 1.2ms | Allocations: 85)
  Rendered layout layouts/application.html.erb (Duration: 51.1ms | Allocations: 7824)
Completed 200 OK in 73ms (Views: 57.2ms | ActiveRecord: 0.4ms | Allocations: 8762)


Started GET "/" for 127.0.0.1 at 2023-08-12 16:38:23 -0400
Processing by TrabajosController#index as HTML
  Rendering layout layouts/application.html.erb
  Rendering trabajos/index.html.erb within layouts/application
  [1m[36mTrabajo Load (1.5ms)[0m  [1m[34mSELECT "trabajos".* FROM "trabajos"[0m
  ↳ app/views/trabajos/index.html.erb:6
  Rendered trabajos/index.html.erb within layouts/application (Duration: 14.3ms | Allocations: 1184)
  Rendered shared/_navbar.html (Duration: 16.3ms | Allocations: 90)
  Rendered shared/_footer.html (Duration: 3.8ms | Allocations: 85)
  Rendered layout layouts/application.html.erb (Duration: 58.9ms | Allocations: 7826)
Completed 200 OK in 68ms (Views: 61.4ms | ActiveRecord: 1.5ms | Allocations: 8787)


Started GET "/trabajos/new" for 127.0.0.1 at 2023-08-12 16:38:25 -0400
Processing by TrabajosController#new as HTML
  Rendering layout layouts/application.html.erb
  Rendering trabajos/new.html.erb within layouts/application
  Rendered trabajos/_form.html.erb (Duration: 6.1ms | Allocations: 1388)
  Rendered trabajos/new.html.erb within layouts/application (Duration: 11.5ms | Allocations: 1665)
  Rendered shared/_navbar.html (Duration: 0.0ms | Allocations: 12)
  Rendered shared/_footer.html (Duration: 0.0ms | Allocations: 12)
  Rendered layout layouts/application.html.erb (Duration: 59.9ms | Allocations: 7600)
Completed 200 OK in 68ms (Views: 62.8ms | ActiveRecord: 0.0ms | Allocations: 7954)


Started GET "/trabajos" for 127.0.0.1 at 2023-08-12 16:38:27 -0400
Processing by TrabajosController#index as HTML
  Rendering layout layouts/application.html.erb
  Rendering trabajos/index.html.erb within layouts/application
  [1m[36mTrabajo Load (0.2ms)[0m  [1m[34mSELECT "trabajos".* FROM "trabajos"[0m
  ↳ app/views/trabajos/index.html.erb:6
  Rendered trabajos/index.html.erb within layouts/application (Duration: 6.9ms | Allocations: 764)
  Rendered shared/_navbar.html (Duration: 0.0ms | Allocations: 13)
  Rendered shared/_footer.html (Duration: 0.0ms | Allocations: 12)
  Rendered layout layouts/application.html.erb (Duration: 55.5ms | Allocations: 6704)
Completed 200 OK in 60ms (Views: 57.5ms | ActiveRecord: 0.2ms | Allocations: 6980)


Started GET "/trabajos" for 127.0.0.1 at 2023-08-12 16:39:10 -0400
Processing by TrabajosController#index as HTML
  Rendering layout layouts/application.html.erb
  Rendering trabajos/index.html.erb within layouts/application
  [1m[36mTrabajo Load (0.2ms)[0m  [1m[34mSELECT "trabajos".* FROM "trabajos"[0m
  ↳ app/views/trabajos/index.html.erb:6
  Rendered trabajos/index.html.erb within layouts/application (Duration: 5.0ms | Allocations: 1211)
  Rendered shared/_navbar.html (Duration: 3.4ms | Allocations: 89)
  Rendered shared/_footer.html (Duration: 2.9ms | Allocations: 85)
  Rendered layout layouts/application.html.erb (Duration: 57.5ms | Allocations: 7929)
Completed 200 OK in 72ms (Views: 64.1ms | ActiveRecord: 0.2ms | Allocations: 8870)


Started GET "/trabajos/new" for 127.0.0.1 at 2023-08-12 16:39:14 -0400
Processing by TrabajosController#new as HTML
  Rendering layout layouts/application.html.erb
  Rendering trabajos/new.html.erb within layouts/application
  Rendered trabajos/_form.html.erb (Duration: 3.0ms | Allocations: 1422)
  Rendered trabajos/new.html.erb within layouts/application (Duration: 8.1ms | Allocations: 1701)
  Rendered shared/_navbar.html (Duration: 0.1ms | Allocations: 12)
  Rendered shared/_footer.html (Duration: 0.1ms | Allocations: 12)
  Rendered layout layouts/application.html.erb (Duration: 35.5ms | Allocations: 7629)
Completed 200 OK in 45ms (Views: 38.0ms | ActiveRecord: 0.0ms | Allocations: 7983)


Started GET "/trabajos/new" for 127.0.0.1 at 2023-08-12 16:40:57 -0400
Processing by TrabajosController#new as HTML
  Rendering layout layouts/application.html.erb
  Rendering trabajos/new.html.erb within layouts/application
  Rendered trabajos/_form.html.erb (Duration: 3.6ms | Allocations: 1539)
  Rendered trabajos/new.html.erb within layouts/application (Duration: 7.4ms | Allocations: 1862)
  Rendered shared/_navbar.html (Duration: 1.6ms | Allocations: 87)
  Rendered shared/_footer.html (Duration: 1.6ms | Allocations: 85)
  Rendered layout layouts/application.html.erb (Duration: 3684.0ms | Allocations: 39524)
Completed 200 OK in 3695ms (Views: 3690.0ms | ActiveRecord: 0.0ms | Allocations: 40445)


Started GET "/trabajos/new" for 127.0.0.1 at 2023-08-12 16:42:25 -0400
Processing by TrabajosController#new as HTML
  Rendering layout layouts/application.html.erb
  Rendering trabajos/new.html.erb within layouts/application
  Rendered trabajos/_form.html.erb (Duration: 2.8ms | Allocations: 1530)
  Rendered trabajos/new.html.erb within layouts/application (Duration: 7.9ms | Allocations: 1853)
  Rendered shared/_navbar.html.erb (Duration: 18.0ms | Allocations: 4802)
  Rendered layout layouts/application.html.erb (Duration: 53.8ms | Allocations: 12984)
Completed 500 Internal Server Error in 65ms (ActiveRecord: 0.0ms | Allocations: 13919)


  
ActionView::Template::Error (undefined method `user_signed_in?' for #<ActionView::Base:0x00000000017188>

'.freeze;                 if user_signed_in? 
                             ^^^^^^^^^^^^^^^):
     7:         </button>
     8:         <div class="collapse navbar-collapse" id="navbarNavDropdown">
     9:             <ul class="navbar-nav">
    10:                 <% if user_signed_in? %>
    11:                     <li class="nav-item">
    12:                         <a class="nav-link active" aria-current="page" href="/home">Inicio</a>
    13:                     </li>
  
app/views/shared/_navbar.html.erb:10
app/views/layouts/application.html.erb:16
Started GET "/trabajos/new" for 127.0.0.1 at 2023-08-12 16:43:01 -0400
Processing by TrabajosController#new as HTML
  Rendering layout layouts/application.html.erb
  Rendering trabajos/new.html.erb within layouts/application
  Rendered trabajos/_form.html.erb (Duration: 4.8ms | Allocations: 1529)
  Rendered trabajos/new.html.erb within layouts/application (Duration: 10.5ms | Allocations: 1852)
  Rendered shared/_navbar.html.erb (Duration: 9.3ms | Allocations: 4744)
  Rendered layout layouts/application.html.erb (Duration: 59.6ms | Allocations: 13011)
Completed 500 Internal Server Error in 72ms (ActiveRecord: 0.0ms | Allocations: 13920)


  
ActionView::Template::Error (undefined method `user_signed_in?' for #<ActionView::Base:0x00000000017548>

'.freeze;                 if user_signed_in? 
                             ^^^^^^^^^^^^^^^):
     8:         <div class="collapse navbar-collapse" id="navbarNavDropdown">
     9:             <ul class="navbar-nav">
    10: =begin
    11:                 <% if user_signed_in? %>
    12:                     <li class="nav-item">
    13:                         <a class="nav-link active" aria-current="page" href="/home">Inicio</a>
    14:                     </li>
  
app/views/shared/_navbar.html.erb:11
app/views/layouts/application.html.erb:16
Started GET "/trabajos/new" for 127.0.0.1 at 2023-08-12 16:44:22 -0400
Processing by TrabajosController#new as HTML
  Rendering layout layouts/application.html.erb
  Rendering trabajos/new.html.erb within layouts/application
  Rendered trabajos/_form.html.erb (Duration: 5.2ms | Allocations: 1531)
  Rendered trabajos/new.html.erb within layouts/application (Duration: 13.0ms | Allocations: 1854)
  Rendered shared/_navbar.html.erb (Duration: 23.0ms | Allocations: 4742)
  Rendered layout layouts/application.html.erb (Duration: 74.9ms | Allocations: 12927)
Completed 500 Internal Server Error in 87ms (ActiveRecord: 0.0ms | Allocations: 13836)


  
ActionView::Template::Error (undefined method `user_signed_in?' for #<ActionView::Base:0x00000000017908>

'.freeze;                 if user_signed_in? 
                             ^^^^^^^^^^^^^^^):
     8:         <div class="collapse navbar-collapse" id="navbarNavDropdown">
     9:             <ul class="navbar-nav">
    10: =begin
    11:                 <% if user_signed_in? %>
    12:                     <li class="nav-item">
    13:                         <a class="nav-link active" aria-current="page" href="/home">Inicio</a>
    14:                     </li>
  
app/views/shared/_navbar.html.erb:11
app/views/layouts/application.html.erb:16
Started GET "/trabajos/new" for 127.0.0.1 at 2023-08-12 16:45:51 -0400
Processing by TrabajosController#new as HTML
  Rendering layout layouts/application.html.erb
  Rendering trabajos/new.html.erb within layouts/application
  Rendered trabajos/_form.html.erb (Duration: 4.6ms | Allocations: 1529)
  Rendered trabajos/new.html.erb within layouts/application (Duration: 13.1ms | Allocations: 1852)
  Rendered shared/_navbar.html (Duration: 2.3ms | Allocations: 87)
  Rendered shared/_footer.html (Duration: 3.8ms | Allocations: 85)
  Rendered layout layouts/application.html.erb (Duration: 79.8ms | Allocations: 8469)
Completed 200 OK in 108ms (Views: 91.1ms | ActiveRecord: 0.0ms | Allocations: 9407)


Started GET "/trabajos/new" for 127.0.0.1 at 2023-08-12 16:47:33 -0400
Processing by TrabajosController#new as HTML
  Rendering layout layouts/application.html.erb
  Rendering trabajos/new.html.erb within layouts/application
  Rendered trabajos/_form.html.erb (Duration: 4.1ms | Allocations: 1538)
  Rendered trabajos/new.html.erb within layouts/application (Duration: 9.4ms | Allocations: 1861)
  Rendered shared/_navbar.html (Duration: 1.6ms | Allocations: 86)
  Rendered shared/_footer.html (Duration: 1.4ms | Allocations: 85)
  Rendered layout layouts/application.html.erb (Duration: 51.9ms | Allocations: 8466)
Completed 200 OK in 60ms (Views: 55.0ms | ActiveRecord: 0.0ms | Allocations: 9412)


Started POST "/trabajos" for 127.0.0.1 at 2023-08-12 16:47:37 -0400
Processing by TrabajosController#create as TURBO_STREAM
  Parameters: {"authenticity_token"=>"[FILTERED]", "trabajo"=>{"puesto"=>"", "descripción"=>""}, "commit"=>"Create Trabajo"}
  [1m[36mTRANSACTION (0.2ms)[0m  [1m[35mBEGIN[0m
  ↳ app/controllers/trabajos_controller.rb:27:in `block in create'
  [1m[36mTrabajo Create (1.4ms)[0m  [1m[32mINSERT INTO "trabajos" ("puesto", "descripción", "created_at", "updated_at") VALUES ($1, $2, $3, $4) RETURNING "id"[0m  [["puesto", ""], ["descripción", ""], ["created_at", "2023-08-12 20:47:37.543038"], ["updated_at", "2023-08-12 20:47:37.543038"]]
  ↳ app/controllers/trabajos_controller.rb:27:in `block in create'
  [1m[36mTRANSACTION (1.9ms)[0m  [1m[35mCOMMIT[0m
  ↳ app/controllers/trabajos_controller.rb:27:in `block in create'
Redirected to http://localhost:3000/trabajos/2
Completed 302 Found in 50ms (ActiveRecord: 19.8ms | Allocations: 5263)


Started GET "/trabajos/2" for 127.0.0.1 at 2023-08-12 16:47:37 -0400
Processing by TrabajosController#show as TURBO_STREAM
  Parameters: {"id"=>"2"}
  [1m[36mTrabajo Load (0.4ms)[0m  [1m[34mSELECT "trabajos".* FROM "trabajos" WHERE "trabajos"."id" = $1 LIMIT $2[0m  [["id", 2], ["LIMIT", 1]]
  ↳ app/controllers/trabajos_controller.rb:63:in `set_trabajo'
  Rendering layout layouts/application.html.erb
  Rendering trabajos/show.html.erb within layouts/application
  Rendered trabajos/_trabajo.html.erb (Duration: 4.9ms | Allocations: 171)
  Rendered trabajos/show.html.erb within layouts/application (Duration: 12.9ms | Allocations: 1100)
  Rendered shared/_navbar.html (Duration: 0.1ms | Allocations: 12)
  Rendered shared/_footer.html (Duration: 0.1ms | Allocations: 12)
  Rendered layout layouts/application.html.erb (Duration: 39.2ms | Allocations: 7020)
Completed 200 OK in 61ms (Views: 44.7ms | ActiveRecord: 0.5ms | Allocations: 8017)


Started GET "/trabajos/new" for 127.0.0.1 at 2023-08-12 16:47:39 -0400
Processing by TrabajosController#new as HTML
  Rendering layout layouts/application.html.erb
  Rendering trabajos/new.html.erb within layouts/application
  Rendered trabajos/_form.html.erb (Duration: 2.7ms | Allocations: 987)
  Rendered trabajos/new.html.erb within layouts/application (Duration: 6.0ms | Allocations: 1074)
  Rendered shared/_navbar.html (Duration: 0.0ms | Allocations: 12)
  Rendered shared/_footer.html (Duration: 0.1ms | Allocations: 12)
  Rendered layout layouts/application.html.erb (Duration: 29.2ms | Allocations: 7013)
Completed 200 OK in 34ms (Views: 30.6ms | ActiveRecord: 0.0ms | Allocations: 7290)


Started GET "/trabajos/new" for 127.0.0.1 at 2023-08-12 16:48:40 -0400
Processing by TrabajosController#new as HTML
  Rendering layout layouts/application.html.erb
  Rendering trabajos/new.html.erb within layouts/application
  Rendered trabajos/_form.html.erb (Duration: 4.5ms | Allocations: 1542)
  Rendered trabajos/new.html.erb within layouts/application (Duration: 18.5ms | Allocations: 1868)
  Rendered shared/_navbar.html (Duration: 1.9ms | Allocations: 86)
  Rendered shared/_footer.html (Duration: 1.7ms | Allocations: 85)
  Rendered layout layouts/application.html.erb (Duration: 60.2ms | Allocations: 8473)
Completed 200 OK in 85ms (Views: 76.3ms | ActiveRecord: 0.0ms | Allocations: 9396)


Started GET "/trabajos/new" for 127.0.0.1 at 2023-08-12 16:48:59 -0400
Processing by TrabajosController#new as HTML
  Rendering layout layouts/application.html.erb
  Rendering trabajos/new.html.erb within layouts/application
  Rendered trabajos/_form.html.erb (Duration: 4.8ms | Allocations: 1529)
  Rendered trabajos/new.html.erb within layouts/application (Duration: 10.9ms | Allocations: 1852)
  Rendered shared/_navbar.html (Duration: 3.1ms | Allocations: 86)
  Rendered shared/_footer.html (Duration: 1.2ms | Allocations: 85)
  Rendered layout layouts/application.html.erb (Duration: 62.7ms | Allocations: 8457)
Completed 200 OK in 75ms (Views: 67.8ms | ActiveRecord: 0.0ms | Allocations: 9403)


Started GET "/trabajos/new" for 127.0.0.1 at 2023-08-12 16:50:11 -0400
Processing by TrabajosController#new as HTML
  Rendering layout layouts/application.html.erb
  Rendering trabajos/new.html.erb within layouts/application
  Rendered trabajos/_form.html.erb (Duration: 11.8ms | Allocations: 1529)
  Rendered trabajos/new.html.erb within layouts/application (Duration: 19.2ms | Allocations: 1852)
  Rendered shared/_navbar.html (Duration: 1.3ms | Allocations: 86)
  Rendered shared/_footer.html (Duration: 1.8ms | Allocations: 85)
  Rendered layout layouts/application.html.erb (Duration: 90.5ms | Allocations: 8459)
Completed 200 OK in 107ms (Views: 101.2ms | ActiveRecord: 0.0ms | Allocations: 9410)


Started GET "/trabajos/new" for 127.0.0.1 at 2023-08-12 16:50:41 -0400
Processing by TrabajosController#new as HTML
  Rendering layout layouts/application.html.erb
  Rendering trabajos/new.html.erb within layouts/application
  Rendered trabajos/_form.html.erb (Duration: 6.8ms | Allocations: 1532)
  Rendered trabajos/new.html.erb within layouts/application (Duration: 18.4ms | Allocations: 1855)
  Rendered shared/_navbar.html (Duration: 1.8ms | Allocations: 86)
  Rendered shared/_footer.html (Duration: 2.1ms | Allocations: 85)
  Rendered layout layouts/application.html.erb (Duration: 55.2ms | Allocations: 8461)
Completed 200 OK in 75ms (Views: 69.2ms | ActiveRecord: 0.0ms | Allocations: 9407)


  [1m[35m (0.3ms)[0m  [1m[34mSELECT pg_try_advisory_lock(1195628996130642780)[0m
  [1m[36mActiveRecord::SchemaMigration Pluck (0.6ms)[0m  [1m[34mSELECT "schema_migrations"."version" FROM "schema_migrations" ORDER BY "schema_migrations"."version" ASC[0m
Migrating to CreateActiveStorageTables (20230812205357)
  [1m[36mTRANSACTION (0.5ms)[0m  [1m[35mBEGIN[0m
  [1m[35m (11.2ms)[0m  [1m[35mCREATE TABLE "active_storage_blobs" ("id" bigserial primary key, "key" character varying NOT NULL, "filename" character varying NOT NULL, "content_type" character varying, "metadata" text, "service_name" character varying NOT NULL, "byte_size" bigint NOT NULL, "checksum" character varying, "created_at" timestamp(6) NOT NULL)[0m
  [1m[35m (3.5ms)[0m  [1m[35mCREATE UNIQUE INDEX "index_active_storage_blobs_on_key" ON "active_storage_blobs" ("key")[0m
  [1m[35m (15.8ms)[0m  [1m[35mCREATE TABLE "active_storage_attachments" ("id" bigserial primary key, "name" character varying NOT NULL, "record_type" character varying NOT NULL, "record_id" bigint NOT NULL, "blob_id" bigint NOT NULL, "created_at" timestamp(6) NOT NULL, CONSTRAINT "fk_rails_c3b3935057"
FOREIGN KEY ("blob_id")
  REFERENCES "active_storage_blobs" ("id")
)[0m
  [1m[35m (5.2ms)[0m  [1m[35mCREATE INDEX "index_active_storage_attachments_on_blob_id" ON "active_storage_attachments" ("blob_id")[0m
  [1m[35m (4.4ms)[0m  [1m[35mCREATE UNIQUE INDEX "index_active_storage_attachments_uniqueness" ON "active_storage_attachments" ("record_type", "record_id", "name", "blob_id")[0m
  [1m[35m (11.0ms)[0m  [1m[35mCREATE TABLE "active_storage_variant_records" ("id" bigserial primary key, "blob_id" bigint NOT NULL, "variation_digest" character varying NOT NULL, CONSTRAINT "fk_rails_993965df05"
FOREIGN KEY ("blob_id")
  REFERENCES "active_storage_blobs" ("id")
)[0m
  [1m[35m (3.5ms)[0m  [1m[35mCREATE UNIQUE INDEX "index_active_storage_variant_records_uniqueness" ON "active_storage_variant_records" ("blob_id", "variation_digest")[0m
  [1m[36mActiveRecord::SchemaMigration Create (0.6ms)[0m  [1m[32mINSERT INTO "schema_migrations" ("version") VALUES ($1) RETURNING "version"[0m  [["version", "20230812205357"]]
  [1m[36mTRANSACTION (2.1ms)[0m  [1m[35mCOMMIT[0m
  [1m[36mActiveRecord::InternalMetadata Load (0.8ms)[0m  [1m[34mSELECT "ar_internal_metadata".* FROM "ar_internal_metadata" WHERE "ar_internal_metadata"."key" = $1 LIMIT $2[0m  [["key", "environment"], ["LIMIT", 1]]
  [1m[35m (0.4ms)[0m  [1m[34mSELECT pg_advisory_unlock(1195628996130642780)[0m
  [1m[36mActiveRecord::SchemaMigration Pluck (0.7ms)[0m  [1m[34mSELECT "schema_migrations"."version" FROM "schema_migrations" ORDER BY "schema_migrations"."version" ASC[0m
  [1m[35m (0.8ms)[0m  [1m[34mSELECT pg_try_advisory_lock(1195628996130642780)[0m
  [1m[36mActiveRecord::SchemaMigration Pluck (1.0ms)[0m  [1m[34mSELECT "schema_migrations"."version" FROM "schema_migrations" ORDER BY "schema_migrations"."version" ASC[0m
Migrating to CreateJoinTableUsuariosTrabajos (20230812214043)
  [1m[36mTRANSACTION (0.6ms)[0m  [1m[35mBEGIN[0m
  [1m[35m (3.5ms)[0m  [1m[35mCREATE TABLE "trabajos_usuarios" ("usuario_id" bigint NOT NULL, "trabajo_id" bigint NOT NULL)[0m
  [1m[36mActiveRecord::SchemaMigration Create (0.7ms)[0m  [1m[32mINSERT INTO "schema_migrations" ("version") VALUES ($1) RETURNING "version"[0m  [["version", "20230812214043"]]
  [1m[36mTRANSACTION (1.6ms)[0m  [1m[35mCOMMIT[0m
  [1m[36mActiveRecord::InternalMetadata Load (0.3ms)[0m  [1m[34mSELECT "ar_internal_metadata".* FROM "ar_internal_metadata" WHERE "ar_internal_metadata"."key" = $1 LIMIT $2[0m  [["key", "environment"], ["LIMIT", 1]]
  [1m[35m (0.6ms)[0m  [1m[34mSELECT pg_advisory_unlock(1195628996130642780)[0m
  [1m[36mActiveRecord::SchemaMigration Pluck (0.5ms)[0m  [1m[34mSELECT "schema_migrations"."version" FROM "schema_migrations" ORDER BY "schema_migrations"."version" ASC[0m
  [1m[36mActiveRecord::SchemaMigration Pluck (0.6ms)[0m  [1m[34mSELECT "schema_migrations"."version" FROM "schema_migrations" ORDER BY "schema_migrations"."version" ASC[0m
Started GET "/usuarios" for 127.0.0.1 at 2023-08-12 17:53:00 -0400
  [1m[36mActiveRecord::SchemaMigration Pluck (0.9ms)[0m  [1m[34mSELECT "schema_migrations"."version" FROM "schema_migrations" ORDER BY "schema_migrations"."version" ASC[0m
Processing by UsuariosController#index as HTML
  Rendering layout layouts/application.html.erb
  Rendering usuarios/index.html.erb within layouts/application
  [1m[36mUsuario Load (1.0ms)[0m  [1m[34mSELECT "usuarios".* FROM "usuarios"[0m
  ↳ app/views/usuarios/index.html.erb:6
  Rendered usuarios/index.html.erb within layouts/application (Duration: 14.7ms | Allocations: 1810)
  Rendered shared/_navbar.html (Duration: 1.2ms | Allocations: 101)
  Rendered shared/_footer.html (Duration: 2.3ms | Allocations: 86)
  Rendered layout layouts/application.html.erb (Duration: 964.3ms | Allocations: 66753)
Completed 200 OK in 1100ms (Views: 977.7ms | ActiveRecord: 1.0ms | Allocations: 75281)


Started GET "/usuarios/new" for 127.0.0.1 at 2023-08-12 17:53:06 -0400
Processing by UsuariosController#new as HTML
  Rendering layout layouts/application.html.erb
  Rendering usuarios/new.html.erb within layouts/application
  Rendered usuarios/_form.html.erb (Duration: 7.0ms | Allocations: 3011)
  Rendered usuarios/new.html.erb within layouts/application (Duration: 10.6ms | Allocations: 3345)
  Rendered shared/_navbar.html (Duration: 0.0ms | Allocations: 15)
  Rendered shared/_footer.html (Duration: 0.0ms | Allocations: 13)
  Rendered layout layouts/application.html.erb (Duration: 28.7ms | Allocations: 9415)
Completed 200 OK in 47ms (Views: 31.5ms | ActiveRecord: 3.2ms | Allocations: 14660)


Started POST "/usuarios" for 127.0.0.1 at 2023-08-12 17:53:27 -0400
Processing by UsuariosController#create as TURBO_STREAM
  Parameters: {"authenticity_token"=>"[FILTERED]", "usuario"=>{"nombre"=>"Nicole", "edad"=>"25", "direccion"=>"preat", "telefono"=>"568985"}, "commit"=>"Create Usuario"}
  [1m[36mTRANSACTION (0.1ms)[0m  [1m[35mBEGIN[0m
  ↳ app/controllers/usuarios_controller.rb:27:in `block in create'
  [1m[36mUsuario Create (1.4ms)[0m  [1m[32mINSERT INTO "usuarios" ("nombre", "edad", "direccion", "telefono", "created_at", "updated_at") VALUES ($1, $2, $3, $4, $5, $6) RETURNING "id"[0m  [["nombre", "Nicole"], ["edad", "25"], ["direccion", "preat"], ["telefono", "568985"], ["created_at", "2023-08-12 21:53:27.552948"], ["updated_at", "2023-08-12 21:53:27.552948"]]
  ↳ app/controllers/usuarios_controller.rb:27:in `block in create'
  [1m[36mTRANSACTION (5.1ms)[0m  [1m[35mCOMMIT[0m
  ↳ app/controllers/usuarios_controller.rb:27:in `block in create'
Redirected to http://localhost:3000/usuarios/1
Completed 302 Found in 34ms (ActiveRecord: 6.6ms | Allocations: 4069)


Started GET "/usuarios/1" for 127.0.0.1 at 2023-08-12 17:53:27 -0400
Processing by UsuariosController#show as TURBO_STREAM
  Parameters: {"id"=>"1"}
  [1m[36mUsuario Load (0.6ms)[0m  [1m[34mSELECT "usuarios".* FROM "usuarios" WHERE "usuarios"."id" = $1 LIMIT $2[0m  [["id", 1], ["LIMIT", 1]]
  ↳ app/controllers/usuarios_controller.rb:63:in `set_usuario'
  Rendering layout layouts/application.html.erb
  Rendering usuarios/show.html.erb within layouts/application
  Rendered usuarios/_usuario.html.erb (Duration: 1.7ms | Allocations: 275)
  Rendered usuarios/show.html.erb within layouts/application (Duration: 12.4ms | Allocations: 1565)
  Rendered shared/_navbar.html (Duration: 0.1ms | Allocations: 13)
  Rendered shared/_footer.html (Duration: 0.0ms | Allocations: 13)
  Rendered layout layouts/application.html.erb (Duration: 41.4ms | Allocations: 7608)
Completed 200 OK in 60ms (Views: 42.8ms | ActiveRecord: 1.3ms | Allocations: 10471)


Started GET "/usuarios" for 127.0.0.1 at 2023-08-12 17:53:35 -0400
Processing by UsuariosController#index as HTML
  Rendering layout layouts/application.html.erb
  Rendering usuarios/index.html.erb within layouts/application
  [1m[36mUsuario Load (0.2ms)[0m  [1m[34mSELECT "usuarios".* FROM "usuarios"[0m
  ↳ app/views/usuarios/index.html.erb:6
  Rendered usuarios/_usuario.html.erb (Duration: 0.1ms | Allocations: 23)
  Rendered usuarios/index.html.erb within layouts/application (Duration: 5.5ms | Allocations: 1010)
  Rendered shared/_navbar.html (Duration: 0.0ms | Allocations: 12)
  Rendered shared/_footer.html (Duration: 0.0ms | Allocations: 12)
  Rendered layout layouts/application.html.erb (Duration: 25.0ms | Allocations: 6940)
Completed 200 OK in 40ms (Views: 27.1ms | ActiveRecord: 0.2ms | Allocations: 7247)


Started GET "/usuarios/1" for 127.0.0.1 at 2023-08-12 17:53:44 -0400
Processing by UsuariosController#show as HTML
  Parameters: {"id"=>"1"}
  [1m[36mUsuario Load (0.7ms)[0m  [1m[34mSELECT "usuarios".* FROM "usuarios" WHERE "usuarios"."id" = $1 LIMIT $2[0m  [["id", 1], ["LIMIT", 1]]
  ↳ app/controllers/usuarios_controller.rb:63:in `set_usuario'
  Rendering layout layouts/application.html.erb
  Rendering usuarios/show.html.erb within layouts/application
  Rendered usuarios/_usuario.html.erb (Duration: 0.1ms | Allocations: 23)
  Rendered usuarios/show.html.erb within layouts/application (Duration: 1.6ms | Allocations: 558)
  Rendered shared/_navbar.html (Duration: 0.0ms | Allocations: 12)
  Rendered shared/_footer.html (Duration: 0.0ms | Allocations: 12)
  Rendered layout layouts/application.html.erb (Duration: 29.9ms | Allocations: 6480)
Completed 200 OK in 39ms (Views: 30.7ms | ActiveRecord: 0.7ms | Allocations: 7296)


Started GET "/usuarios" for 127.0.0.1 at 2023-08-12 17:53:47 -0400
Processing by UsuariosController#index as HTML
  Rendering layout layouts/application.html.erb
  Rendering usuarios/index.html.erb within layouts/application
  [1m[36mUsuario Load (0.3ms)[0m  [1m[34mSELECT "usuarios".* FROM "usuarios"[0m
  ↳ app/views/usuarios/index.html.erb:6
  Rendered usuarios/_usuario.html.erb (Duration: 0.2ms | Allocations: 23)
  Rendered usuarios/index.html.erb within layouts/application (Duration: 15.1ms | Allocations: 912)
  Rendered shared/_navbar.html (Duration: 0.1ms | Allocations: 12)
  Rendered shared/_footer.html (Duration: 0.1ms | Allocations: 12)
  Rendered layout layouts/application.html.erb (Duration: 41.8ms | Allocations: 6840)
Completed 200 OK in 49ms (Views: 44.3ms | ActiveRecord: 0.3ms | Allocations: 7113)


Started GET "/trabajos/" for 127.0.0.1 at 2023-08-12 17:53:55 -0400
Processing by TrabajosController#index as HTML
  Rendering layout layouts/application.html.erb
  Rendering trabajos/index.html.erb within layouts/application
  [1m[36mTrabajo Load (1.2ms)[0m  [1m[34mSELECT "trabajos".* FROM "trabajos"[0m
  ↳ app/views/trabajos/index.html.erb:6
  Rendered trabajos/_trabajo.html.erb (Duration: 1.9ms | Allocations: 224)
  Rendered trabajos/index.html.erb within layouts/application (Duration: 16.7ms | Allocations: 4580)
  Rendered shared/_navbar.html (Duration: 0.1ms | Allocations: 14)
  Rendered shared/_footer.html (Duration: 0.1ms | Allocations: 14)
  Rendered layout layouts/application.html.erb (Duration: 38.4ms | Allocations: 10737)
Completed 200 OK in 64ms (Views: 38.0ms | ActiveRecord: 3.5ms | Allocations: 13704)


Started GET "/trabajos/2" for 127.0.0.1 at 2023-08-12 17:54:00 -0400
Processing by TrabajosController#show as HTML
  Parameters: {"id"=>"2"}
  [1m[36mTrabajo Load (0.3ms)[0m  [1m[34mSELECT "trabajos".* FROM "trabajos" WHERE "trabajos"."id" = $1 LIMIT $2[0m  [["id", 2], ["LIMIT", 1]]
  ↳ app/controllers/trabajos_controller.rb:63:in `set_trabajo'
  Rendering layout layouts/application.html.erb
  Rendering trabajos/show.html.erb within layouts/application
  Rendered trabajos/_trabajo.html.erb (Duration: 0.1ms | Allocations: 19)
  Rendered trabajos/show.html.erb within layouts/application (Duration: 4.9ms | Allocations: 803)
  Rendered shared/_navbar.html (Duration: 0.0ms | Allocations: 12)
  Rendered shared/_footer.html (Duration: 0.0ms | Allocations: 12)
  Rendered layout layouts/application.html.erb (Duration: 22.4ms | Allocations: 6724)
Completed 200 OK in 32ms (Views: 24.1ms | ActiveRecord: 0.3ms | Allocations: 8302)


Started GET "/trabajos/2/edit" for 127.0.0.1 at 2023-08-12 17:54:02 -0400
Processing by TrabajosController#edit as HTML
  Parameters: {"id"=>"2"}
  [1m[36mTrabajo Load (0.4ms)[0m  [1m[34mSELECT "trabajos".* FROM "trabajos" WHERE "trabajos"."id" = $1 LIMIT $2[0m  [["id", 2], ["LIMIT", 1]]
  ↳ app/controllers/trabajos_controller.rb:63:in `set_trabajo'
  Rendering layout layouts/application.html.erb
  Rendering trabajos/edit.html.erb within layouts/application
  Rendered trabajos/_form.html.erb (Duration: 2.8ms | Allocations: 1597)
  Rendered trabajos/edit.html.erb within layouts/application (Duration: 6.4ms | Allocations: 1931)
  Rendered shared/_navbar.html (Duration: 0.1ms | Allocations: 12)
  Rendered shared/_footer.html (Duration: 0.0ms | Allocations: 12)
  Rendered layout layouts/application.html.erb (Duration: 44.4ms | Allocations: 7851)
Completed 200 OK in 55ms (Views: 46.9ms | ActiveRecord: 0.4ms | Allocations: 8667)


Started PATCH "/trabajos/2" for 127.0.0.1 at 2023-08-12 17:54:11 -0400
Processing by TrabajosController#update as TURBO_STREAM
  Parameters: {"authenticity_token"=>"[FILTERED]", "trabajo"=>{"puesto"=>"trainer", "descripción"=>"aplicado"}, "commit"=>"Update Trabajo", "id"=>"2"}
  [1m[36mTrabajo Load (0.5ms)[0m  [1m[34mSELECT "trabajos".* FROM "trabajos" WHERE "trabajos"."id" = $1 LIMIT $2[0m  [["id", 2], ["LIMIT", 1]]
  ↳ app/controllers/trabajos_controller.rb:63:in `set_trabajo'
  [1m[36mTRANSACTION (0.4ms)[0m  [1m[35mBEGIN[0m
  ↳ app/controllers/trabajos_controller.rb:40:in `block in update'
  [1m[36mTrabajo Update (1.0ms)[0m  [1m[33mUPDATE "trabajos" SET "puesto" = $1, "descripción" = $2, "updated_at" = $3 WHERE "trabajos"."id" = $4[0m  [["puesto", "trainer"], ["descripción", "aplicado"], ["updated_at", "2023-08-12 21:54:11.810199"], ["id", 2]]
  ↳ app/controllers/trabajos_controller.rb:40:in `block in update'
  [1m[36mTRANSACTION (2.2ms)[0m  [1m[35mCOMMIT[0m
  ↳ app/controllers/trabajos_controller.rb:40:in `block in update'
Redirected to http://localhost:3000/trabajos/2
Completed 302 Found in 31ms (ActiveRecord: 4.2ms | Allocations: 3291)


Started GET "/trabajos/2" for 127.0.0.1 at 2023-08-12 17:54:11 -0400
Processing by TrabajosController#show as TURBO_STREAM
  Parameters: {"id"=>"2"}
  [1m[36mTrabajo Load (1.5ms)[0m  [1m[34mSELECT "trabajos".* FROM "trabajos" WHERE "trabajos"."id" = $1 LIMIT $2[0m  [["id", 2], ["LIMIT", 1]]
  ↳ app/controllers/trabajos_controller.rb:63:in `set_trabajo'
  Rendering layout layouts/application.html.erb
  Rendering trabajos/show.html.erb within layouts/application
  Rendered trabajos/_trabajo.html.erb (Duration: 0.1ms | Allocations: 19)
  Rendered trabajos/show.html.erb within layouts/application (Duration: 18.7ms | Allocations: 582)
  Rendered shared/_navbar.html (Duration: 0.0ms | Allocations: 12)
  Rendered shared/_footer.html (Duration: 0.0ms | Allocations: 12)
  Rendered layout layouts/application.html.erb (Duration: 46.6ms | Allocations: 6517)
Completed 200 OK in 60ms (Views: 48.7ms | ActiveRecord: 1.5ms | Allocations: 7283)


Started GET "/trabajos" for 127.0.0.1 at 2023-08-12 17:54:14 -0400
Processing by TrabajosController#index as HTML
  Rendering layout layouts/application.html.erb
  Rendering trabajos/index.html.erb within layouts/application
  [1m[36mTrabajo Load (0.4ms)[0m  [1m[34mSELECT "trabajos".* FROM "trabajos"[0m
  ↳ app/views/trabajos/index.html.erb:6
  Rendered trabajos/_trabajo.html.erb (Duration: 0.1ms | Allocations: 19)
  Rendered trabajos/index.html.erb within layouts/application (Duration: 5.2ms | Allocations: 920)
  Rendered shared/_navbar.html (Duration: 0.1ms | Allocations: 12)
  Rendered shared/_footer.html (Duration: 0.0ms | Allocations: 12)
  Rendered layout layouts/application.html.erb (Duration: 35.9ms | Allocations: 6849)
Completed 200 OK in 43ms (Views: 36.6ms | ActiveRecord: 0.4ms | Allocations: 7123)


Started GET "/usuarios" for 127.0.0.1 at 2023-08-12 18:30:43 -0400
  [1m[36mActiveRecord::SchemaMigration Pluck (0.6ms)[0m  [1m[34mSELECT "schema_migrations"."version" FROM "schema_migrations" ORDER BY "schema_migrations"."version" ASC[0m
Processing by UsuariosController#index as HTML
  Rendering layout layouts/application.html.erb
  Rendering usuarios/index.html.erb within layouts/application
  [1m[36mUsuario Load (0.9ms)[0m  [1m[34mSELECT "usuarios".* FROM "usuarios"[0m
  ↳ app/views/usuarios/index.html.erb:6
  Rendered usuarios/_usuario.html.erb (Duration: 1.8ms | Allocations: 305)
  Rendered usuarios/index.html.erb within layouts/application (Duration: 30.3ms | Allocations: 7417)
  Rendered shared/_navbar.html (Duration: 3.2ms | Allocations: 94)
  Rendered shared/_footer.html (Duration: 2.5ms | Allocations: 86)
  Rendered layout layouts/application.html.erb (Duration: 606.2ms | Allocations: 63355)
Completed 200 OK in 669ms (Views: 615.1ms | ActiveRecord: 4.2ms | Allocations: 71097)


Started GET "/usuarios/new" for 127.0.0.1 at 2023-08-12 18:30:46 -0400
Processing by UsuariosController#new as HTML
  Rendering layout layouts/application.html.erb
  Rendering usuarios/new.html.erb within layouts/application
  [1m[36mTrabajo Load (0.4ms)[0m  [1m[34mSELECT "trabajos".* FROM "trabajos"[0m
  ↳ app/views/usuarios/_form.html.erb:37
  Rendered usuarios/_form.html.erb (Duration: 25.9ms | Allocations: 6659)
  Rendered usuarios/new.html.erb within layouts/application (Duration: 30.3ms | Allocations: 6992)
  Rendered shared/_navbar.html (Duration: 0.1ms | Allocations: 15)
  Rendered shared/_footer.html (Duration: 0.0ms | Allocations: 13)
  Rendered layout layouts/application.html.erb (Duration: 49.3ms | Allocations: 13064)
Completed 200 OK in 67ms (Views: 49.7ms | ActiveRecord: 2.2ms | Allocations: 15624)


Started GET "/usuarios/new" for 127.0.0.1 at 2023-08-12 18:31:37 -0400
Processing by UsuariosController#new as HTML
  Rendering layout layouts/application.html.erb
  Rendering usuarios/new.html.erb within layouts/application
  [1m[36mTrabajo Load (0.9ms)[0m  [1m[34mSELECT "trabajos".* FROM "trabajos"[0m
  ↳ app/views/usuarios/_form.html.erb:38
  Rendered usuarios/_form.html.erb (Duration: 14.1ms | Allocations: 2812)
  Rendered usuarios/new.html.erb within layouts/application (Duration: 18.2ms | Allocations: 3132)
  Rendered shared/_navbar.html (Duration: 2.3ms | Allocations: 86)
  Rendered shared/_footer.html (Duration: 2.1ms | Allocations: 85)
  Rendered layout layouts/application.html.erb (Duration: 88.4ms | Allocations: 9738)
Completed 200 OK in 108ms (Views: 99.6ms | ActiveRecord: 0.9ms | Allocations: 10734)


Started GET "/usuarios/new" for 127.0.0.1 at 2023-08-12 18:31:57 -0400
Processing by UsuariosController#new as HTML
  Rendering layout layouts/application.html.erb
  Rendering usuarios/new.html.erb within layouts/application
  [1m[36mTrabajo Load (0.5ms)[0m  [1m[34mSELECT "trabajos".* FROM "trabajos"[0m
  ↳ app/views/usuarios/_form.html.erb:38
  Rendered usuarios/_form.html.erb (Duration: 8.6ms | Allocations: 2798)
  Rendered usuarios/new.html.erb within layouts/application (Duration: 12.5ms | Allocations: 3118)
  Rendered shared/_navbar.html (Duration: 1.3ms | Allocations: 86)
  Rendered shared/_footer.html (Duration: 1.1ms | Allocations: 85)
  Rendered layout layouts/application.html.erb (Duration: 57.7ms | Allocations: 9720)
Completed 200 OK in 71ms (Views: 64.4ms | ActiveRecord: 0.5ms | Allocations: 10680)


Started GET "/usuarios" for 127.0.0.1 at 2023-08-12 18:32:43 -0400
Processing by UsuariosController#index as HTML
  Rendering layout layouts/application.html.erb
  Rendering usuarios/index.html.erb within layouts/application
  [1m[36mUsuario Load (0.4ms)[0m  [1m[34mSELECT "usuarios".* FROM "usuarios"[0m
  ↳ app/views/usuarios/index.html.erb:6
  Rendered usuarios/_usuario.html.erb (Duration: 2.4ms | Allocations: 221)
  Rendered usuarios/index.html.erb within layouts/application (Duration: 11.6ms | Allocations: 1651)
  Rendered shared/_navbar.html (Duration: 1.3ms | Allocations: 86)
  Rendered shared/_footer.html (Duration: 1.2ms | Allocations: 85)
  Rendered layout layouts/application.html.erb (Duration: 37.1ms | Allocations: 8267)
Completed 200 OK in 48ms (Views: 40.9ms | ActiveRecord: 0.4ms | Allocations: 9242)


Started GET "/gfd" for 127.0.0.1 at 2023-08-12 18:34:34 -0400
  [1m[36mActiveRecord::SchemaMigration Pluck (0.7ms)[0m  [1m[34mSELECT "schema_migrations"."version" FROM "schema_migrations" ORDER BY "schema_migrations"."version" ASC[0m
  
ActionController::RoutingError (No route matches [GET] "/gfd"):
  
Started GET "/" for 127.0.0.1 at 2023-08-12 18:41:54 -0400
  [1m[36mActiveRecord::SchemaMigration Pluck (0.7ms)[0m  [1m[34mSELECT "schema_migrations"."version" FROM "schema_migrations" ORDER BY "schema_migrations"."version" ASC[0m
Processing by TrabajosController#index as HTML
  Rendering layout layouts/application.html.erb
  Rendering trabajos/index.html.erb within layouts/application
  [1m[36mTrabajo Load (1.2ms)[0m  [1m[34mSELECT "trabajos".* FROM "trabajos"[0m
  ↳ app/views/trabajos/index.html.erb:6
  Rendered trabajos/_trabajo.html.erb (Duration: 1.5ms | Allocations: 262)
  Rendered trabajos/index.html.erb within layouts/application (Duration: 30.8ms | Allocations: 6523)
  Rendered shared/_navbar.html.erb (Duration: 13.6ms | Allocations: 5033)
  Rendered layout layouts/application.html.erb (Duration: 672.7ms | Allocations: 66916)
Completed 500 Internal Server Error in 737ms (ActiveRecord: 5.2ms | Allocations: 74613)


  
ActionView::Template::Error (undefined method `user_signed_in?' for #<ActionView::Base:0x0000000000c918>

'.freeze;                         if user_signed_in? 
                                     ^^^^^^^^^^^^^^^):
    19:                 <li class="nav-item dropdown">
    20:                     <a class="nav-link dropdown-toggle" href="#" role="button btn.btn-primary" data-bs-toggle="dropdown"
    21:                         aria-expanded="false">
    22:                         <% if user_signed_in? %>
    23:                             <%= current_user.email%>
    24:                                 <%else%>
    25:                                     Opciones
  
app/views/shared/_navbar.html.erb:22
app/views/layouts/application.html.erb:16
Started GET "/trabajos/" for 127.0.0.1 at 2023-08-12 18:42:13 -0400
Processing by TrabajosController#index as HTML
  Rendering layout layouts/application.html.erb
  Rendering trabajos/index.html.erb within layouts/application
  [1m[36mTrabajo Load (0.4ms)[0m  [1m[34mSELECT "trabajos".* FROM "trabajos"[0m
  ↳ app/views/trabajos/index.html.erb:6
  Rendered trabajos/_trabajo.html.erb (Duration: 0.1ms | Allocations: 24)
  Rendered trabajos/index.html.erb within layouts/application (Duration: 8.8ms | Allocations: 1097)
  Rendered shared/_navbar.html.erb (Duration: 7.1ms | Allocations: 4339)
  Rendered layout layouts/application.html.erb (Duration: 48.0ms | Allocations: 11416)
Completed 500 Internal Server Error in 68ms (ActiveRecord: 0.4ms | Allocations: 11706)


  
ActionView::Template::Error (undefined method `user_signed_in?' for #<ActionView::Base:0x0000000000cc38>

'.freeze;                         if user_signed_in? 
                                     ^^^^^^^^^^^^^^^):
    19:                 <li class="nav-item dropdown">
    20:                     <a class="nav-link dropdown-toggle" href="#" role="button btn.btn-primary" data-bs-toggle="dropdown"
    21:                         aria-expanded="false">
    22:                         <% if user_signed_in? %>
    23:                             <%= current_user.email%>
    24:                                 <%else%>
    25:                                     Opciones
  
app/views/shared/_navbar.html.erb:22
app/views/layouts/application.html.erb:16
Started GET "/trabajos/" for 127.0.0.1 at 2023-08-12 18:43:33 -0400
Processing by TrabajosController#index as HTML
  Rendering layout layouts/application.html.erb
  Rendering trabajos/index.html.erb within layouts/application
  [1m[36mTrabajo Load (0.6ms)[0m  [1m[34mSELECT "trabajos".* FROM "trabajos"[0m
  ↳ app/views/trabajos/index.html.erb:6
  Rendered trabajos/_trabajo.html.erb (Duration: 3.2ms | Allocations: 179)
  Rendered trabajos/index.html.erb within layouts/application (Duration: 12.0ms | Allocations: 1632)
  Rendered shared/_navbar.html.erb (Duration: 10.8ms | Allocations: 4647)
  Rendered layout layouts/application.html.erb (Duration: 46.7ms | Allocations: 12625)
Completed 500 Internal Server Error in 79ms (ActiveRecord: 0.6ms | Allocations: 13539)


  
ActionView::Template::Error (undefined method `user_signed_in?' for #<ActionView::Base:0x0000000000cff8>

                        #'.freeze; if user_signed_in? ;@output_buffer.safe_append='
                                      ^^^^^^^^^^^^^^^):
    19:                 <li class="nav-item dropdown">
    20:                     <a class="nav-link dropdown-toggle" href="#" role="button btn.btn-primary" data-bs-toggle="dropdown"
    21:                         aria-expanded="false">
    22:                         #<% if user_signed_in? %>
    23:                             #<%= current_user.email%>
    24:                                 #<%else%>
    25:                                    # Opciones
  
app/views/shared/_navbar.html.erb:22
app/views/layouts/application.html.erb:16
Started GET "/trabajos/" for 127.0.0.1 at 2023-08-12 18:43:58 -0400
Processing by TrabajosController#index as HTML
  Rendering layout layouts/application.html.erb
  Rendering trabajos/index.html.erb within layouts/application
  [1m[36mTrabajo Load (0.3ms)[0m  [1m[34mSELECT "trabajos".* FROM "trabajos"[0m
  ↳ app/views/trabajos/index.html.erb:6
  Rendered trabajos/_trabajo.html.erb (Duration: 1.4ms | Allocations: 179)
  Rendered trabajos/index.html.erb within layouts/application (Duration: 11.3ms | Allocations: 1621)
  Rendered shared/_navbar.html.erb (Duration: 12.9ms | Allocations: 5192)
  Rendered layout layouts/application.html.erb (Duration: 64.3ms | Allocations: 13158)
Completed 500 Internal Server Error in 80ms (ActiveRecord: 0.3ms | Allocations: 14085)


  
ActionView::Template::Error (undefined local variable or method `destroy_user_session_path' for #<ActionView::Base:0x0000000000d3b8>):
    24:                     </a>
    25:                     <ul class="dropdown-menu">
    26:                         <li>
    27:                             <%= button_to 'Cerrar sesión' , destroy_user_session_path, class: 'dropdown-item' , method:
    28:                                 :delete %>
    29:                         </li>
    30:                         <li>
  
app/views/shared/_navbar.html.erb:27
app/views/layouts/application.html.erb:16
Started GET "/trabajos/" for 127.0.0.1 at 2023-08-12 18:45:01 -0400
Processing by TrabajosController#index as HTML
  Rendering layout layouts/application.html.erb
  Rendering trabajos/index.html.erb within layouts/application
  [1m[36mTrabajo Load (0.3ms)[0m  [1m[34mSELECT "trabajos".* FROM "trabajos"[0m
  ↳ app/views/trabajos/index.html.erb:6
  Rendered trabajos/_trabajo.html.erb (Duration: 2.1ms | Allocations: 179)
  Rendered trabajos/index.html.erb within layouts/application (Duration: 13.5ms | Allocations: 1632)
  Rendered shared/_navbar.html.erb (Duration: 0.9ms | Allocations: 124)
  Rendered shared/_footer.html.erb (Duration: 1.4ms | Allocations: 109)
  Rendered layout layouts/application.html.erb (Duration: 49.6ms | Allocations: 8328)
Completed 200 OK in 60ms (Views: 55.0ms | ActiveRecord: 0.3ms | Allocations: 9333)


Started GET "/usuarios" for 127.0.0.1 at 2023-08-12 18:45:18 -0400
Processing by UsuariosController#index as HTML
  Rendering layout layouts/application.html.erb
  Rendering usuarios/index.html.erb within layouts/application
  [1m[36mUsuario Load (0.5ms)[0m  [1m[34mSELECT "usuarios".* FROM "usuarios"[0m
  ↳ app/views/usuarios/index.html.erb:6
  Rendered usuarios/_usuario.html.erb (Duration: 1.8ms | Allocations: 239)
  Rendered usuarios/index.html.erb within layouts/application (Duration: 23.8ms | Allocations: 5459)
  Rendered shared/_navbar.html.erb (Duration: 0.0ms | Allocations: 9)
  Rendered shared/_footer.html.erb (Duration: 0.0ms | Allocations: 9)
  Rendered layout layouts/application.html.erb (Duration: 55.5ms | Allocations: 11595)
Completed 200 OK in 75ms (Views: 53.7ms | ActiveRecord: 4.4ms | Allocations: 14529)


Started GET "/usuarios" for 127.0.0.1 at 2023-08-12 18:45:23 -0400
Processing by UsuariosController#index as HTML
  Rendering layout layouts/application.html.erb
  Rendering usuarios/index.html.erb within layouts/application
  [1m[36mUsuario Load (0.2ms)[0m  [1m[34mSELECT "usuarios".* FROM "usuarios"[0m
  ↳ app/views/usuarios/index.html.erb:6
  Rendered usuarios/_usuario.html.erb (Duration: 0.1ms | Allocations: 23)
  Rendered usuarios/index.html.erb within layouts/application (Duration: 5.7ms | Allocations: 909)
  Rendered shared/_navbar.html.erb (Duration: 0.1ms | Allocations: 8)
  Rendered shared/_footer.html.erb (Duration: 0.1ms | Allocations: 8)
  Rendered layout layouts/application.html.erb (Duration: 27.1ms | Allocations: 6825)
Completed 200 OK in 32ms (Views: 29.2ms | ActiveRecord: 0.2ms | Allocations: 7119)


Started GET "/trabajos" for 127.0.0.1 at 2023-08-12 18:45:24 -0400
Processing by TrabajosController#index as HTML
  Rendering layout layouts/application.html.erb
  Rendering trabajos/index.html.erb within layouts/application
  [1m[36mTrabajo Load (0.4ms)[0m  [1m[34mSELECT "trabajos".* FROM "trabajos"[0m
  ↳ app/views/trabajos/index.html.erb:6
  Rendered trabajos/_trabajo.html.erb (Duration: 0.1ms | Allocations: 20)
  Rendered trabajos/index.html.erb within layouts/application (Duration: 4.4ms | Allocations: 900)
  Rendered shared/_navbar.html.erb (Duration: 0.0ms | Allocations: 8)
  Rendered shared/_footer.html.erb (Duration: 0.0ms | Allocations: 8)
  Rendered layout layouts/application.html.erb (Duration: 23.2ms | Allocations: 6819)
Completed 200 OK in 29ms (Views: 23.5ms | ActiveRecord: 0.4ms | Allocations: 7096)


Started GET "/trabajos" for 127.0.0.1 at 2023-08-12 18:45:26 -0400
Processing by TrabajosController#index as HTML
  Rendering layout layouts/application.html.erb
  Rendering trabajos/index.html.erb within layouts/application
  [1m[36mTrabajo Load (1.3ms)[0m  [1m[34mSELECT "trabajos".* FROM "trabajos"[0m
  ↳ app/views/trabajos/index.html.erb:6
  Rendered trabajos/_trabajo.html.erb (Duration: 0.1ms | Allocations: 19)
  Rendered trabajos/index.html.erb within layouts/application (Duration: 6.5ms | Allocations: 913)
  Rendered shared/_navbar.html.erb (Duration: 0.1ms | Allocations: 8)
  Rendered shared/_footer.html.erb (Duration: 0.0ms | Allocations: 8)
  Rendered layout layouts/application.html.erb (Duration: 25.5ms | Allocations: 6829)
Completed 200 OK in 30ms (Views: 25.7ms | ActiveRecord: 1.3ms | Allocations: 7102)


Started GET "/trabajos" for 127.0.0.1 at 2023-08-12 18:46:18 -0400
Processing by TrabajosController#index as HTML
  Rendering layout layouts/application.html.erb
  Rendering trabajos/index.html.erb within layouts/application
  [1m[36mTrabajo Load (0.2ms)[0m  [1m[34mSELECT "trabajos".* FROM "trabajos"[0m
  ↳ app/views/trabajos/index.html.erb:6
  Rendered trabajos/_trabajo.html.erb (Duration: 2.2ms | Allocations: 179)
  Rendered trabajos/index.html.erb within layouts/application (Duration: 26.9ms | Allocations: 1615)
  Rendered shared/_navbar.html (Duration: 2.4ms | Allocations: 92)
  Rendered shared/_footer.html.erb (Duration: 2.4ms | Allocations: 108)
  Rendered layout layouts/application.html.erb (Duration: 77.0ms | Allocations: 8262)
Completed 200 OK in 94ms (Views: 83.0ms | ActiveRecord: 0.2ms | Allocations: 9202)


Started GET "/trabajos" for 127.0.0.1 at 2023-08-12 18:46:21 -0400
Processing by TrabajosController#index as HTML
  Rendering layout layouts/application.html.erb
  Rendering trabajos/index.html.erb within layouts/application
  [1m[36mTrabajo Load (0.2ms)[0m  [1m[34mSELECT "trabajos".* FROM "trabajos"[0m
  ↳ app/views/trabajos/index.html.erb:6
  Rendered trabajos/_trabajo.html.erb (Duration: 0.1ms | Allocations: 19)
  Rendered trabajos/index.html.erb within layouts/application (Duration: 6.8ms | Allocations: 898)
  Rendered shared/_navbar.html (Duration: 0.1ms | Allocations: 12)
  Rendered shared/_footer.html.erb (Duration: 0.0ms | Allocations: 8)
  Rendered layout layouts/application.html.erb (Duration: 28.3ms | Allocations: 6820)
Completed 200 OK in 33ms (Views: 30.0ms | ActiveRecord: 0.2ms | Allocations: 7115)


Started GET "/trabajos" for 127.0.0.1 at 2023-08-12 18:46:24 -0400
Processing by TrabajosController#index as HTML
  Rendering layout layouts/application.html.erb
  Rendering trabajos/index.html.erb within layouts/application
  [1m[36mTrabajo Load (0.4ms)[0m  [1m[34mSELECT "trabajos".* FROM "trabajos"[0m
  ↳ app/views/trabajos/index.html.erb:6
  Rendered trabajos/_trabajo.html.erb (Duration: 0.4ms | Allocations: 19)
  Rendered trabajos/index.html.erb within layouts/application (Duration: 7.7ms | Allocations: 916)
  Rendered shared/_navbar.html (Duration: 0.0ms | Allocations: 12)
  Rendered shared/_footer.html.erb (Duration: 0.0ms | Allocations: 8)
  Rendered layout layouts/application.html.erb (Duration: 29.8ms | Allocations: 6838)
Completed 200 OK in 37ms (Views: 30.4ms | ActiveRecord: 0.4ms | Allocations: 7111)


Started GET "/trabajos" for 127.0.0.1 at 2023-08-12 18:46:25 -0400
Processing by TrabajosController#index as HTML
  Rendering layout layouts/application.html.erb
  Rendering trabajos/index.html.erb within layouts/application
  [1m[36mTrabajo Load (0.4ms)[0m  [1m[34mSELECT "trabajos".* FROM "trabajos"[0m
  ↳ app/views/trabajos/index.html.erb:6
  Rendered trabajos/_trabajo.html.erb (Duration: 0.1ms | Allocations: 19)
  Rendered trabajos/index.html.erb within layouts/application (Duration: 10.4ms | Allocations: 898)
  Rendered shared/_navbar.html (Duration: 0.1ms | Allocations: 12)
  Rendered shared/_footer.html.erb (Duration: 0.1ms | Allocations: 8)
  Rendered layout layouts/application.html.erb (Duration: 32.0ms | Allocations: 6820)
Completed 200 OK in 39ms (Views: 33.6ms | ActiveRecord: 0.4ms | Allocations: 7093)


Started GET "/trabajos" for 127.0.0.1 at 2023-08-12 18:46:27 -0400
Processing by TrabajosController#index as HTML
  Rendering layout layouts/application.html.erb
  Rendering trabajos/index.html.erb within layouts/application
  [1m[36mTrabajo Load (0.2ms)[0m  [1m[34mSELECT "trabajos".* FROM "trabajos"[0m
  ↳ app/views/trabajos/index.html.erb:6
  Rendered trabajos/_trabajo.html.erb (Duration: 0.2ms | Allocations: 19)
  Rendered trabajos/index.html.erb within layouts/application (Duration: 12.1ms | Allocations: 904)
  Rendered shared/_navbar.html (Duration: 0.0ms | Allocations: 12)
  Rendered shared/_footer.html.erb (Duration: 0.0ms | Allocations: 8)
  Rendered layout layouts/application.html.erb (Duration: 35.0ms | Allocations: 6826)
Completed 200 OK in 39ms (Views: 35.9ms | ActiveRecord: 0.2ms | Allocations: 7099)


Started GET "/trabajos" for 127.0.0.1 at 2023-08-12 18:46:28 -0400
Processing by TrabajosController#index as HTML
  Rendering layout layouts/application.html.erb
  Rendering trabajos/index.html.erb within layouts/application
  [1m[36mTrabajo Load (0.3ms)[0m  [1m[34mSELECT "trabajos".* FROM "trabajos"[0m
  ↳ app/views/trabajos/index.html.erb:6
  Rendered trabajos/_trabajo.html.erb (Duration: 0.1ms | Allocations: 19)
  Rendered trabajos/index.html.erb within layouts/application (Duration: 4.4ms | Allocations: 925)
  Rendered shared/_navbar.html (Duration: 0.1ms | Allocations: 12)
  Rendered shared/_footer.html.erb (Duration: 0.0ms | Allocations: 8)
  Rendered layout layouts/application.html.erb (Duration: 36.4ms | Allocations: 6847)
Completed 200 OK in 44ms (Views: 37.7ms | ActiveRecord: 0.3ms | Allocations: 7120)


Started GET "/trabajos" for 127.0.0.1 at 2023-08-12 18:46:33 -0400
Processing by TrabajosController#index as HTML
  Rendering layout layouts/application.html.erb
  Rendering trabajos/index.html.erb within layouts/application
  [1m[36mTrabajo Load (0.5ms)[0m  [1m[34mSELECT "trabajos".* FROM "trabajos"[0m
  ↳ app/views/trabajos/index.html.erb:6
  Rendered trabajos/_trabajo.html.erb (Duration: 0.2ms | Allocations: 19)
  Rendered trabajos/index.html.erb within layouts/application (Duration: 7.7ms | Allocations: 936)
  Rendered shared/_navbar.html (Duration: 0.1ms | Allocations: 12)
  Rendered shared/_footer.html.erb (Duration: 0.2ms | Allocations: 8)
  Rendered layout layouts/application.html.erb (Duration: 32.9ms | Allocations: 6858)
Completed 200 OK in 40ms (Views: 34.4ms | ActiveRecord: 0.5ms | Allocations: 7131)


Started GET "/trabajos" for 127.0.0.1 at 2023-08-12 18:46:51 -0400
Processing by TrabajosController#index as HTML
  Rendering layout layouts/application.html.erb
  Rendering trabajos/index.html.erb within layouts/application
  [1m[36mTrabajo Load (0.2ms)[0m  [1m[34mSELECT "trabajos".* FROM "trabajos"[0m
  ↳ app/views/trabajos/index.html.erb:6
  Rendered trabajos/_trabajo.html.erb (Duration: 2.1ms | Allocations: 179)
  Rendered trabajos/index.html.erb within layouts/application (Duration: 11.4ms | Allocations: 1606)
  Rendered shared/_navbar.html (Duration: 3.5ms | Allocations: 88)
  Rendered shared/_footer.html.erb (Duration: 2.2ms | Allocations: 108)
  Rendered layout layouts/application.html.erb (Duration: 53.0ms | Allocations: 8246)
Completed 200 OK in 62ms (Views: 56.7ms | ActiveRecord: 0.2ms | Allocations: 9186)


Started GET "/usuarios" for 127.0.0.1 at 2023-08-12 18:46:55 -0400
Processing by UsuariosController#index as HTML
  Rendering layout layouts/application.html.erb
  Rendering usuarios/index.html.erb within layouts/application
  [1m[36mUsuario Load (0.4ms)[0m  [1m[34mSELECT "usuarios".* FROM "usuarios"[0m
  ↳ app/views/usuarios/index.html.erb:6
  Rendered usuarios/_usuario.html.erb (Duration: 1.2ms | Allocations: 224)
  Rendered usuarios/index.html.erb within layouts/application (Duration: 16.1ms | Allocations: 1672)
  Rendered shared/_navbar.html (Duration: 0.0ms | Allocations: 14)
  Rendered shared/_footer.html.erb (Duration: 0.0ms | Allocations: 9)
  Rendered layout layouts/application.html.erb (Duration: 37.8ms | Allocations: 7816)
Completed 200 OK in 46ms (Views: 40.8ms | ActiveRecord: 0.4ms | Allocations: 8509)


Started GET "/usuarios" for 127.0.0.1 at 2023-08-12 18:47:11 -0400
Processing by UsuariosController#index as HTML
  Rendering layout layouts/application.html.erb
  Rendering usuarios/index.html.erb within layouts/application
  [1m[36mUsuario Load (0.2ms)[0m  [1m[34mSELECT "usuarios".* FROM "usuarios"[0m
  ↳ app/views/usuarios/index.html.erb:6
  Rendered usuarios/_usuario.html.erb (Duration: 2.9ms | Allocations: 221)
  Rendered usuarios/index.html.erb within layouts/application (Duration: 11.7ms | Allocations: 1643)
  Rendered shared/_navbar.html (Duration: 5.1ms | Allocations: 87)
  Rendered shared/_footer.html.erb (Duration: 1.6ms | Allocations: 108)
  Rendered layout layouts/application.html.erb (Duration: 49.7ms | Allocations: 8297)
Completed 200 OK in 68ms (Views: 55.3ms | ActiveRecord: 0.2ms | Allocations: 9262)


Started GET "/usuarios/new" for 127.0.0.1 at 2023-08-12 18:47:15 -0400
Processing by UsuariosController#new as HTML
  Rendering layout layouts/application.html.erb
  Rendering usuarios/new.html.erb within layouts/application
  [1m[36mTrabajo Load (0.4ms)[0m  [1m[34mSELECT "trabajos".* FROM "trabajos"[0m
  ↳ app/views/usuarios/_form.html.erb:42
  Rendered usuarios/_form.html.erb (Duration: 17.7ms | Allocations: 5970)
  Rendered usuarios/new.html.erb within layouts/application (Duration: 21.6ms | Allocations: 6266)
  Rendered shared/_navbar.html (Duration: 0.1ms | Allocations: 13)
  Rendered shared/_footer.html.erb (Duration: 0.1ms | Allocations: 8)
  Rendered layout layouts/application.html.erb (Duration: 40.2ms | Allocations: 12316)
Completed 200 OK in 45ms (Views: 41.0ms | ActiveRecord: 0.4ms | Allocations: 12741)


Started GET "/usuarios/trabajos" for 127.0.0.1 at 2023-08-12 18:47:18 -0400
Processing by UsuariosController#show as HTML
  Parameters: {"id"=>"trabajos"}
  [1m[36mUsuario Load (0.3ms)[0m  [1m[34mSELECT "usuarios".* FROM "usuarios" WHERE "usuarios"."id" = $1 LIMIT $2[0m  [["id", nil], ["LIMIT", 1]]
  ↳ app/controllers/usuarios_controller.rb:64:in `set_usuario'
Completed 404 Not Found in 32ms (ActiveRecord: 0.6ms | Allocations: 2835)


  
ActiveRecord::RecordNotFound (Couldn't find Usuario with 'id'=trabajos):
  
app/controllers/usuarios_controller.rb:64:in `set_usuario'
Started GET "/usuarios/new" for 127.0.0.1 at 2023-08-12 18:47:21 -0400
Processing by UsuariosController#new as HTML
  Rendering layout layouts/application.html.erb
  Rendering usuarios/new.html.erb within layouts/application
  [1m[36mTrabajo Load (0.4ms)[0m  [1m[34mSELECT "trabajos".* FROM "trabajos"[0m
  ↳ app/views/usuarios/_form.html.erb:42
  Rendered usuarios/_form.html.erb (Duration: 4.3ms | Allocations: 2091)
  Rendered usuarios/new.html.erb within layouts/application (Duration: 5.1ms | Allocations: 2180)
  Rendered shared/_navbar.html (Duration: 0.1ms | Allocations: 13)
  Rendered shared/_footer.html.erb (Duration: 0.0ms | Allocations: 8)
  Rendered layout layouts/application.html.erb (Duration: 26.3ms | Allocations: 8226)
Completed 200 OK in 36ms (Views: 29.8ms | ActiveRecord: 0.4ms | Allocations: 8552)


Started GET "/usuarios/trabajos" for 127.0.0.1 at 2023-08-12 18:47:24 -0400
Processing by UsuariosController#show as HTML
  Parameters: {"id"=>"trabajos"}
  [1m[36mUsuario Load (0.2ms)[0m  [1m[34mSELECT "usuarios".* FROM "usuarios" WHERE "usuarios"."id" = $1 LIMIT $2[0m  [["id", nil], ["LIMIT", 1]]
  ↳ app/controllers/usuarios_controller.rb:64:in `set_usuario'
Completed 404 Not Found in 9ms (ActiveRecord: 0.2ms | Allocations: 948)


  
ActiveRecord::RecordNotFound (Couldn't find Usuario with 'id'=trabajos):
  
app/controllers/usuarios_controller.rb:64:in `set_usuario'
Started GET "/usuarios/new" for 127.0.0.1 at 2023-08-12 18:47:27 -0400
Processing by UsuariosController#new as HTML
  Rendering layout layouts/application.html.erb
  Rendering usuarios/new.html.erb within layouts/application
  [1m[36mTrabajo Load (0.2ms)[0m  [1m[34mSELECT "trabajos".* FROM "trabajos"[0m
  ↳ app/views/usuarios/_form.html.erb:42
  Rendered usuarios/_form.html.erb (Duration: 5.7ms | Allocations: 1993)
  Rendered usuarios/new.html.erb within layouts/application (Duration: 7.2ms | Allocations: 2080)
  Rendered shared/_navbar.html (Duration: 0.1ms | Allocations: 12)
  Rendered shared/_footer.html.erb (Duration: 0.0ms | Allocations: 8)
  Rendered layout layouts/application.html.erb (Duration: 31.6ms | Allocations: 8017)
Completed 200 OK in 41ms (Views: 34.3ms | ActiveRecord: 0.2ms | Allocations: 8304)


Started GET "/usuarios/new" for 127.0.0.1 at 2023-08-12 18:47:33 -0400
Processing by UsuariosController#new as HTML
  Rendering layout layouts/application.html.erb
  Rendering usuarios/new.html.erb within layouts/application
  [1m[36mTrabajo Load (0.5ms)[0m  [1m[34mSELECT "trabajos".* FROM "trabajos"[0m
  ↳ app/views/usuarios/_form.html.erb:42
  Rendered usuarios/_form.html.erb (Duration: 6.9ms | Allocations: 1983)
  Rendered usuarios/new.html.erb within layouts/application (Duration: 7.8ms | Allocations: 2070)
  Rendered shared/_navbar.html (Duration: 0.0ms | Allocations: 12)
  Rendered shared/_footer.html.erb (Duration: 0.0ms | Allocations: 8)
  Rendered layout layouts/application.html.erb (Duration: 25.4ms | Allocations: 7992)
Completed 200 OK in 31ms (Views: 26.7ms | ActiveRecord: 0.5ms | Allocations: 8281)


Started GET "/" for 127.0.0.1 at 2023-08-12 18:47:35 -0400
Processing by TrabajosController#index as HTML
  Rendering layout layouts/application.html.erb
  Rendering trabajos/index.html.erb within layouts/application
  [1m[36mTrabajo Load (0.2ms)[0m  [1m[34mSELECT "trabajos".* FROM "trabajos"[0m
  ↳ app/views/trabajos/index.html.erb:6
  Rendered trabajos/_trabajo.html.erb (Duration: 1.2ms | Allocations: 179)
  Rendered trabajos/index.html.erb within layouts/application (Duration: 8.3ms | Allocations: 1612)
  Rendered shared/_navbar.html (Duration: 0.1ms | Allocations: 14)
  Rendered shared/_footer.html.erb (Duration: 0.1ms | Allocations: 9)
  Rendered layout layouts/application.html.erb (Duration: 27.9ms | Allocations: 7741)
Completed 200 OK in 37ms (Views: 31.9ms | ActiveRecord: 0.2ms | Allocations: 8414)


Started GET "/trabajos" for 127.0.0.1 at 2023-08-12 18:47:40 -0400
Processing by TrabajosController#index as HTML
  Rendering layout layouts/application.html.erb
  Rendering trabajos/index.html.erb within layouts/application
  [1m[36mTrabajo Load (0.4ms)[0m  [1m[34mSELECT "trabajos".* FROM "trabajos"[0m
  ↳ app/views/trabajos/index.html.erb:6
  Rendered trabajos/_trabajo.html.erb (Duration: 0.1ms | Allocations: 19)
  Rendered trabajos/index.html.erb within layouts/application (Duration: 4.3ms | Allocations: 907)
  Rendered shared/_navbar.html (Duration: 0.0ms | Allocations: 12)
  Rendered shared/_footer.html.erb (Duration: 0.0ms | Allocations: 8)
  Rendered layout layouts/application.html.erb (Duration: 19.1ms | Allocations: 6829)
Completed 200 OK in 24ms (Views: 19.6ms | ActiveRecord: 0.4ms | Allocations: 7124)


Started GET "/trabajos/new" for 127.0.0.1 at 2023-08-12 18:47:42 -0400
Processing by TrabajosController#new as HTML
  Rendering layout layouts/application.html.erb
  Rendering trabajos/new.html.erb within layouts/application
  Rendered trabajos/_form.html.erb (Duration: 3.1ms | Allocations: 1501)
  Rendered trabajos/new.html.erb within layouts/application (Duration: 6.4ms | Allocations: 1781)
  Rendered shared/_navbar.html (Duration: 0.1ms | Allocations: 12)
  Rendered shared/_footer.html.erb (Duration: 0.1ms | Allocations: 8)
  Rendered layout layouts/application.html.erb (Duration: 30.3ms | Allocations: 7703)
Completed 200 OK in 38ms (Views: 31.6ms | ActiveRecord: 0.0ms | Allocations: 8048)


Started POST "/trabajos" for 127.0.0.1 at 2023-08-12 18:47:58 -0400
Processing by TrabajosController#create as TURBO_STREAM
  Parameters: {"authenticity_token"=>"[FILTERED]", "trabajo"=>{"puesto"=>"ASISTENTE", "descripción"=>"contestar "}, "commit"=>"Create Trabajo"}
  [1m[36mTRANSACTION (0.4ms)[0m  [1m[35mBEGIN[0m
  ↳ app/controllers/trabajos_controller.rb:27:in `block in create'
  [1m[36mTrabajo Create (2.0ms)[0m  [1m[32mINSERT INTO "trabajos" ("puesto", "descripción", "created_at", "updated_at") VALUES ($1, $2, $3, $4) RETURNING "id"[0m  [["puesto", "ASISTENTE"], ["descripción", "contestar "], ["created_at", "2023-08-12 22:47:58.820830"], ["updated_at", "2023-08-12 22:47:58.820830"]]
  ↳ app/controllers/trabajos_controller.rb:27:in `block in create'
  [1m[36mTRANSACTION (3.1ms)[0m  [1m[35mCOMMIT[0m
  ↳ app/controllers/trabajos_controller.rb:27:in `block in create'
Redirected to http://localhost:3000/trabajos/3
Completed 302 Found in 36ms (ActiveRecord: 5.5ms | Allocations: 3858)


Started GET "/trabajos/3" for 127.0.0.1 at 2023-08-12 18:47:58 -0400
Processing by TrabajosController#show as TURBO_STREAM
  Parameters: {"id"=>"3"}
  [1m[36mTrabajo Load (0.4ms)[0m  [1m[34mSELECT "trabajos".* FROM "trabajos" WHERE "trabajos"."id" = $1 LIMIT $2[0m  [["id", 3], ["LIMIT", 1]]
  ↳ app/controllers/trabajos_controller.rb:63:in `set_trabajo'
  Rendering layout layouts/application.html.erb
  Rendering trabajos/show.html.erb within layouts/application
  Rendered trabajos/_trabajo.html.erb (Duration: 0.1ms | Allocations: 23)
  Rendered trabajos/show.html.erb within layouts/application (Duration: 4.7ms | Allocations: 906)
  Rendered shared/_navbar.html (Duration: 0.0ms | Allocations: 13)
  Rendered shared/_footer.html.erb (Duration: 0.0ms | Allocations: 8)
  Rendered layout layouts/application.html.erb (Duration: 28.9ms | Allocations: 6927)
Completed 200 OK in 43ms (Views: 32.4ms | ActiveRecord: 0.4ms | Allocations: 8528)


Started GET "/trabajos" for 127.0.0.1 at 2023-08-12 18:48:00 -0400
Processing by TrabajosController#index as HTML
  Rendering layout layouts/application.html.erb
  Rendering trabajos/index.html.erb within layouts/application
  [1m[36mTrabajo Load (0.5ms)[0m  [1m[34mSELECT "trabajos".* FROM "trabajos"[0m
  ↳ app/views/trabajos/index.html.erb:6
  Rendered trabajos/_trabajo.html.erb (Duration: 0.1ms | Allocations: 19)
  Rendered trabajos/_trabajo.html.erb (Duration: 0.1ms | Allocations: 18)
  Rendered trabajos/index.html.erb within layouts/application (Duration: 4.9ms | Allocations: 1061)
  Rendered shared/_navbar.html (Duration: 0.1ms | Allocations: 12)
  Rendered shared/_footer.html.erb (Duration: 0.0ms | Allocations: 8)
  Rendered layout layouts/application.html.erb (Duration: 21.9ms | Allocations: 6983)
Completed 200 OK in 26ms (Views: 22.4ms | ActiveRecord: 0.5ms | Allocations: 7257)


Started GET "/usuarios" for 127.0.0.1 at 2023-08-12 18:48:02 -0400
Processing by UsuariosController#index as HTML
  Rendering layout layouts/application.html.erb
  Rendering usuarios/index.html.erb within layouts/application
  [1m[36mUsuario Load (0.2ms)[0m  [1m[34mSELECT "usuarios".* FROM "usuarios"[0m
  ↳ app/views/usuarios/index.html.erb:6
  Rendered usuarios/_usuario.html.erb (Duration: 0.1ms | Allocations: 23)
  Rendered usuarios/index.html.erb within layouts/application (Duration: 4.1ms | Allocations: 912)
  Rendered shared/_navbar.html (Duration: 0.0ms | Allocations: 12)
  Rendered shared/_footer.html.erb (Duration: 0.0ms | Allocations: 8)
  Rendered layout layouts/application.html.erb (Duration: 22.2ms | Allocations: 6834)
Completed 200 OK in 29ms (Views: 23.5ms | ActiveRecord: 0.2ms | Allocations: 7109)


Started GET "/usuarios/new" for 127.0.0.1 at 2023-08-12 18:48:03 -0400
Processing by UsuariosController#new as HTML
  Rendering layout layouts/application.html.erb
  Rendering usuarios/new.html.erb within layouts/application
  [1m[36mTrabajo Load (0.2ms)[0m  [1m[34mSELECT "trabajos".* FROM "trabajos"[0m
  ↳ app/views/usuarios/_form.html.erb:42
  Rendered usuarios/_form.html.erb (Duration: 4.0ms | Allocations: 2087)
  Rendered usuarios/new.html.erb within layouts/application (Duration: 5.0ms | Allocations: 2174)
  Rendered shared/_navbar.html (Duration: 0.0ms | Allocations: 12)
  Rendered shared/_footer.html.erb (Duration: 0.0ms | Allocations: 8)
  Rendered layout layouts/application.html.erb (Duration: 30.1ms | Allocations: 8107)
Completed 200 OK in 35ms (Views: 30.9ms | ActiveRecord: 0.2ms | Allocations: 8399)


Started POST "/usuarios" for 127.0.0.1 at 2023-08-12 18:48:17 -0400
Processing by UsuariosController#create as TURBO_STREAM
  Parameters: {"authenticity_token"=>"[FILTERED]", "usuario"=>{"nombre"=>"Isabel", "edad"=>"34", "direccion"=>"4444", "telefono"=>"5446", "trabajo_id"=>"3"}, "commit"=>"Create Usuario"}
[31mUnpermitted parameter: :trabajo_id. Context: { controller: UsuariosController, action: create, request: #<ActionDispatch::Request:0x00007f14531d3ad0>, params: {"authenticity_token"=>"[FILTERED]", "usuario"=>{"nombre"=>"Isabel", "edad"=>"34", "direccion"=>"4444", "telefono"=>"5446", "trabajo_id"=>"3"}, "commit"=>"Create Usuario", "controller"=>"usuarios", "action"=>"create"} }[0m
  [1m[36mTRANSACTION (0.4ms)[0m  [1m[35mBEGIN[0m
  ↳ app/controllers/usuarios_controller.rb:28:in `block in create'
  [1m[36mUsuario Create (0.9ms)[0m  [1m[32mINSERT INTO "usuarios" ("nombre", "edad", "direccion", "telefono", "created_at", "updated_at") VALUES ($1, $2, $3, $4, $5, $6) RETURNING "id"[0m  [["nombre", "Isabel"], ["edad", "34"], ["direccion", "4444"], ["telefono", "5446"], ["created_at", "2023-08-12 22:48:17.199516"], ["updated_at", "2023-08-12 22:48:17.199516"]]
  ↳ app/controllers/usuarios_controller.rb:28:in `block in create'
  [1m[36mTRANSACTION (3.0ms)[0m  [1m[35mCOMMIT[0m
  ↳ app/controllers/usuarios_controller.rb:28:in `block in create'
Redirected to http://localhost:3000/usuarios/2
Completed 302 Found in 35ms (ActiveRecord: 4.3ms | Allocations: 2737)


Started GET "/usuarios/2" for 127.0.0.1 at 2023-08-12 18:48:17 -0400
Processing by UsuariosController#show as TURBO_STREAM
  Parameters: {"id"=>"2"}
  [1m[36mUsuario Load (1.5ms)[0m  [1m[34mSELECT "usuarios".* FROM "usuarios" WHERE "usuarios"."id" = $1 LIMIT $2[0m  [["id", 2], ["LIMIT", 1]]
  ↳ app/controllers/usuarios_controller.rb:64:in `set_usuario'
  Rendering layout layouts/application.html.erb
  Rendering usuarios/show.html.erb within layouts/application
  Rendered usuarios/_usuario.html.erb (Duration: 0.2ms | Allocations: 23)
  Rendered usuarios/show.html.erb within layouts/application (Duration: 7.2ms | Allocations: 761)
  Rendered shared/_navbar.html (Duration: 0.1ms | Allocations: 12)
  Rendered shared/_footer.html.erb (Duration: 0.3ms | Allocations: 8)
  Rendered layout layouts/application.html.erb (Duration: 40.6ms | Allocations: 6675)
Completed 200 OK in 55ms (Views: 42.1ms | ActiveRecord: 1.5ms | Allocations: 7525)


Started GET "/usuarios" for 127.0.0.1 at 2023-08-12 18:48:24 -0400
Processing by UsuariosController#index as HTML
  Rendering layout layouts/application.html.erb
  Rendering usuarios/index.html.erb within layouts/application
  [1m[36mUsuario Load (0.2ms)[0m  [1m[34mSELECT "usuarios".* FROM "usuarios"[0m
  ↳ app/views/usuarios/index.html.erb:6
  Rendered usuarios/_usuario.html.erb (Duration: 0.1ms | Allocations: 23)
  Rendered usuarios/_usuario.html.erb (Duration: 0.1ms | Allocations: 22)
  Rendered usuarios/index.html.erb within layouts/application (Duration: 5.6ms | Allocations: 1041)
  Rendered shared/_navbar.html (Duration: 0.0ms | Allocations: 12)
  Rendered shared/_footer.html.erb (Duration: 0.0ms | Allocations: 8)
  Rendered layout layouts/application.html.erb (Duration: 24.1ms | Allocations: 6963)
Completed 200 OK in 30ms (Views: 25.4ms | ActiveRecord: 0.2ms | Allocations: 7237)


Started GET "/trabajos" for 127.0.0.1 at 2023-08-12 18:48:27 -0400
Processing by TrabajosController#index as HTML
  Rendering layout layouts/application.html.erb
  Rendering trabajos/index.html.erb within layouts/application
  [1m[36mTrabajo Load (0.3ms)[0m  [1m[34mSELECT "trabajos".* FROM "trabajos"[0m
  ↳ app/views/trabajos/index.html.erb:6
  Rendered trabajos/_trabajo.html.erb (Duration: 0.1ms | Allocations: 19)
  Rendered trabajos/_trabajo.html.erb (Duration: 0.1ms | Allocations: 18)
  Rendered trabajos/index.html.erb within layouts/application (Duration: 5.5ms | Allocations: 1042)
  Rendered shared/_navbar.html (Duration: 0.0ms | Allocations: 12)
  Rendered shared/_footer.html.erb (Duration: 0.0ms | Allocations: 8)
  Rendered layout layouts/application.html.erb (Duration: 24.1ms | Allocations: 6964)
Completed 200 OK in 31ms (Views: 25.1ms | ActiveRecord: 0.3ms | Allocations: 7239)


Started GET "/usuarios" for 127.0.0.1 at 2023-08-12 18:48:30 -0400
Processing by UsuariosController#index as HTML
  Rendering layout layouts/application.html.erb
  Rendering usuarios/index.html.erb within layouts/application
  [1m[36mUsuario Load (0.3ms)[0m  [1m[34mSELECT "usuarios".* FROM "usuarios"[0m
  ↳ app/views/usuarios/index.html.erb:6
  Rendered usuarios/_usuario.html.erb (Duration: 0.1ms | Allocations: 23)
  Rendered usuarios/_usuario.html.erb (Duration: 0.1ms | Allocations: 22)
  Rendered usuarios/index.html.erb within layouts/application (Duration: 6.1ms | Allocations: 1071)
  Rendered shared/_navbar.html (Duration: 0.0ms | Allocations: 12)
  Rendered shared/_footer.html.erb (Duration: 0.0ms | Allocations: 8)
  Rendered layout layouts/application.html.erb (Duration: 25.1ms | Allocations: 6994)
Completed 200 OK in 32ms (Views: 25.7ms | ActiveRecord: 0.3ms | Allocations: 7267)


Started GET "/usuarios/1" for 127.0.0.1 at 2023-08-12 18:50:35 -0400
Processing by UsuariosController#show as HTML
  Parameters: {"id"=>"1"}
  [1m[36mUsuario Load (0.2ms)[0m  [1m[34mSELECT "usuarios".* FROM "usuarios" WHERE "usuarios"."id" = $1 LIMIT $2[0m  [["id", 1], ["LIMIT", 1]]
  ↳ app/controllers/usuarios_controller.rb:64:in `set_usuario'
  Rendering layout layouts/application.html.erb
  Rendering usuarios/show.html.erb within layouts/application
  Rendered usuarios/_usuario.html.erb (Duration: 0.1ms | Allocations: 23)
  Rendered usuarios/show.html.erb within layouts/application (Duration: 1.8ms | Allocations: 570)
  Rendered shared/_navbar.html (Duration: 0.0ms | Allocations: 12)
  Rendered shared/_footer.html.erb (Duration: 0.0ms | Allocations: 8)
  Rendered layout layouts/application.html.erb (Duration: 19.6ms | Allocations: 6494)
Completed 200 OK in 29ms (Views: 21.3ms | ActiveRecord: 0.2ms | Allocations: 7262)


